This file contains any messages produced by compilers while
running configure, to aid debugging if configure makes a mistake.

It was created by configure, which was
generated by GNU Autoconf 2.52.20221009.  Invocation command line was

  $ ./configure --prefix=/Users/local/Documents/PREDOMINANT-PLANET/predo_planet/predominantmusic.com/homebrew/Cellar/ncurses/6.4 --enable-pc-files --with-pkg-config-libdir=/Users/local/Documents/PREDOMINANT-PLANET/predo_planet/predominantmusic.com/homebrew/Cellar/ncurses/6.4/lib/pkgconfig --enable-sigwinch --enable-symlinks --enable-widec --with-shared --with-cxx-shared --with-gpm=no --without-ada

## ---------- ##
## Platform.  ##
## ---------- ##

hostname = dein-2.local
uname -m = x86_64
uname -r = 22.3.0
uname -s = Darwin
uname -v = Darwin Kernel Version 22.3.0: Mon Jan 30 20:42:11 PST 2023; root:xnu-8792.81.3~2/RELEASE_X86_64

/usr/bin/uname -p = i386
/bin/uname -X     = unknown

/bin/arch              = unknown
/usr/bin/arch -k       = unknown
/usr/convex/getsysinfo = unknown
hostinfo               = Mach kernel version:
	 Darwin Kernel Version 22.3.0: Mon Jan 30 20:42:11 PST 2023; root:xnu-8792.81.3~2/RELEASE_X86_64
Kernel configured for up to 8 processors.
4 processors are physically available.
8 processors are logically available.
Processor type: x86_64h (Intel x86-64h Haswell)
Processors active: 0 1 2 3 4 5 6 7
Primary memory available: 8.00 gigabytes
Default processor set: 508 tasks, 3250 threads, 8 processors
Load average: 9.68, Mach factor: 0.76
/bin/machine           = unknown
/usr/bin/oslevel       = unknown
/bin/universe          = unknown

PATH = /Users/local/Documents/PREDOMINANT-PLANET/predo_planet/predominantmusic.com/homebrew/Library/Homebrew/shims/mac/super:/Users/local/Documents/PREDOMINANT-PLANET/predo_planet/predominantmusic.com/homebrew/opt/pkg-config/bin:/usr/bin:/bin:/usr/sbin:/sbin

## ------------ ##
## Core tests.  ##
## ------------ ##

configure:1171: PATH=".;."; conftest.sh
./configure: line 1172: conftest.sh: command not found
configure:1174: $? = 127
configure:1191: checking for ggrep
configure:1217: result: no
configure:1191: checking for grep
configure:1206: found /usr/bin/grep
configure:1214: result: grep
configure:1225: checking for egrep
configure:1281: result: grep -E
configure:1291: result: Configuring NCURSES 6.4 ABI 6 (Mon Oct 30 14:32:23 UTC 2023)
configure:1295: checking for package version
configure:1316: result: 6.4
configure:1319: checking for package patch date
configure:1336: result: 20221231
configure:1347: testing ABI VERSION 5:0:10 ...
configure:1351: testing VERSION_MAJOR 6 ...
configure:1355: testing VERSION_MINOR 4 ...
configure:1359: testing VERSION_PATCH 20221231 ...
configure:1501: checking build system type
configure:1519: result: x86_64-apple-darwin22.3.0
configure:1526: checking host system type
configure:1540: result: x86_64-apple-darwin22.3.0
configure:1548: checking target system type
configure:1562: result: x86_64-apple-darwin22.3.0
configure:1594: result: Configuring for darwin22.3.0
configure:1619: checking for fgrep
configure:1675: result: grep -F
configure:1679: checking for prefix
configure:1691: result: /Users/local/Documents/PREDOMINANT-PLANET/predo_planet/predominantmusic.com/homebrew/Cellar/ncurses/6.4
configure:1878: checking for C compiler version
configure:1881: clang --version </dev/null >&5
Apple clang version 14.0.3 (clang-1403.0.22.14.1)
Target: x86_64-apple-darwin22.3.0
Thread model: posix
InstalledDir: /Applications/Xcode.app/Contents/Developer/Toolchains/XcodeDefault.xctoolchain/usr/bin
configure:1884: $? = 0
configure:1886: clang -v </dev/null >&5
Apple clang version 14.0.3 (clang-1403.0.22.14.1)
Target: x86_64-apple-darwin22.3.0
Thread model: posix
InstalledDir: /Applications/Xcode.app/Contents/Developer/Toolchains/XcodeDefault.xctoolchain/usr/bin
configure:1889: $? = 0
configure:1891: clang -V </dev/null >&5
clang: error: unsupported option '-V -isysroot/Library/Developer/CommandLineTools/SDKs/MacOSX13.sdk'
configure:1894: $? = 1
configure:1914: checking for C compiler default output
configure:1917: clang    conftest.c  >&5
configure:1920: $? = 0
configure:1949: result: a.out
configure:1954: checking whether the C compiler works
configure:1960: ./a.out
configure:1963: $? = 0
configure:1978: result: yes
configure:1985: checking whether we are cross compiling
configure:1987: result: no
configure:1990: checking for executable suffix
configure:1992: clang -o conftest    conftest.c  >&5
configure:1995: $? = 0
configure:2017: result: 
configure:2023: checking for object suffix
configure:2041: clang -c   conftest.c >&5
configure:2044: $? = 0
configure:2063: result: o
configure:2067: checking whether we are using the GNU C compiler
configure:2088: clang -c   conftest.c >&5
configure:2091: $? = 0
configure:2094: test -s conftest.o
configure:2097: $? = 0
configure:2109: result: yes
configure:2115: checking whether clang accepts -g
configure:2133: clang -c -g  conftest.c >&5
configure:2136: $? = 0
configure:2139: test -s conftest.o
configure:2142: $? = 0
configure:2152: result: yes
configure:2179: clang -c -g -O2  conftest.c >&5
conftest.c:2:3: error: unknown type name 'choke'
  choke me
  ^
conftest.c:2:11: error: expected ';' after top level declarator
  choke me
          ^
          ;
2 errors generated.
configure:2182: $? = 1
configure: failed program was:
#ifndef __cplusplus
  choke me
#endif
configure:2283: checking version of clang
configure:2287: result: 14.0.3
configure:2347: checking if this is really Clang C compiler
configure:2368: clang -c -g -O2  conftest.c >&5
configure:2371: $? = 0
configure:2374: test -s conftest.o
configure:2377: $? = 0
configure:2387: result: yes
configure:2403: checking version of clang
configure:2407: result: 14.0.3
configure:2414: checking if option -Qunused-arguments works
configure:2433: clang -o conftest -g -O2 -Qunused-arguments   conftest.c  >&5
configure:2436: $? = 0
configure:2439: test -s conftest
configure:2442: $? = 0
configure:2453: result: yes
configure:2459: testing adding option -Qunused-arguments ...
configure:2414: checking if option -Wno-error=implicit-function-declaration works
configure:2433: clang -o conftest -g -O2 -Qunused-arguments -Wno-error=implicit-function-declaration   conftest.c  >&5
configure:2436: $? = 0
configure:2439: test -s conftest
configure:2442: $? = 0
configure:2453: result: yes
configure:2459: testing adding option -Wno-error=implicit-function-declaration ...
configure:2468: checking for clang option to accept ANSI C
configure:2525: clang  -c -g -O2 -Qunused-arguments -Wno-error=implicit-function-declaration  conftest.c >&5
configure:2484:14: warning: a function declaration without a prototype is deprecated in all versions of C and is not supported in C2x [-Wdeprecated-non-prototype]
static char *e (p, i)
             ^
1 warning generated.
configure:2528: $? = 0
configure:2531: test -s conftest.o
configure:2534: $? = 0
configure:2551: result: none needed
configure:2562: checking $CFLAGS variable
configure:2676: result: ok
configure:2681: checking $CC variable
configure:2816: result: ok
configure:2827: checking how to run the C preprocessor
configure:2853: clang -E  conftest.c
configure:2859: $? = 0
configure:2886: clang -E  conftest.c
configure:2883:10: fatal error: 'ac_nonexistent.h' file not found
#include <ac_nonexistent.h>
         ^~~~~~~~~~~~~~~~~~
1 error generated.
configure:2892: $? = 1
configure: failed program was:
#line 2882 "configure"
#include "confdefs.h"
#include <ac_nonexistent.h>
configure:2929: result: clang -E
configure:2944: clang -E  conftest.c
configure:2950: $? = 0
configure:2977: clang -E  conftest.c
configure:2974:10: fatal error: 'ac_nonexistent.h' file not found
#include <ac_nonexistent.h>
         ^~~~~~~~~~~~~~~~~~
1 error generated.
configure:2983: $? = 1
configure: failed program was:
#line 2973 "configure"
#include "confdefs.h"
#include <ac_nonexistent.h>
configure:3024: checking whether clang needs -traditional
configure:3047:10: fatal error: 'termio.h' file not found
#include <termio.h>
         ^~~~~~~~~~
1 error generated.
configure:3059: result: no
configure:3066: checking whether clang understands -c and -o together
configure:3081: clang -g -O2 -Qunused-arguments -Wno-error=implicit-function-declaration  -c conftest.c -o conftest2.o >&5
configure:3084: $? = 0
configure:3086: clang -g -O2 -Qunused-arguments -Wno-error=implicit-function-declaration  -c conftest.c -o conftest2.o >&5
configure:3089: $? = 0
configure:3100: result: yes
configure:3117: checking for ldconfig
configure:3148: result: no
configure:3156: checking if you want to ensure bool is consistent with C++
configure:3166: result: yes
configure:3261: checking for C++ compiler version
configure:3264: clang++ --version </dev/null >&5
Apple clang version 14.0.3 (clang-1403.0.22.14.1)
Target: x86_64-apple-darwin22.3.0
Thread model: posix
InstalledDir: /Applications/Xcode.app/Contents/Developer/Toolchains/XcodeDefault.xctoolchain/usr/bin
configure:3267: $? = 0
configure:3269: clang++ -v </dev/null >&5
Apple clang version 14.0.3 (clang-1403.0.22.14.1)
Target: x86_64-apple-darwin22.3.0
Thread model: posix
InstalledDir: /Applications/Xcode.app/Contents/Developer/Toolchains/XcodeDefault.xctoolchain/usr/bin
configure:3272: $? = 0
configure:3274: clang++ -V </dev/null >&5
clang: error: unsupported option '-V -isysroot/Library/Developer/CommandLineTools/SDKs/MacOSX13.sdk'
configure:3277: $? = 1
configure:3280: checking whether we are using the GNU C++ compiler
configure:3301: clang++ -c   conftest.cc >&5
configure:3304: $? = 0
configure:3307: test -s conftest.o
configure:3310: $? = 0
configure:3322: result: yes
configure:3328: checking whether clang++ accepts -g
configure:3346: clang++ -c -g  conftest.cc >&5
configure:3349: $? = 0
configure:3352: test -s conftest.o
configure:3355: $? = 0
configure:3365: result: yes
configure:3405: clang++ -c -g -O2  conftest.cc >&5
configure:3408: $? = 0
configure:3411: test -s conftest.o
configure:3414: $? = 0
configure:3436: clang++ -c -g -O2  conftest.cc >&5
configure:3429:1: error: use of undeclared identifier 'exit'
exit (42);
^
1 error generated.
configure:3439: $? = 1
configure: failed program was:
#line 3424 "configure"
#include "confdefs.h"

int
main (void)
{
exit (42);
  ;
  return 0;
}
configure:3405: clang++ -c -g -O2  conftest.cc >&5
configure:3408: $? = 0
configure:3411: test -s conftest.o
configure:3414: $? = 0
configure:3436: clang++ -c -g -O2  conftest.cc >&5
configure:3439: $? = 0
configure:3442: test -s conftest.o
configure:3445: $? = 0
configure:3479: checking if clang++ works
configure:3504: clang++ -c -g -O2  -I/Users/local/Documents/PREDOMINANT-PLANET/predo_planet/predominantmusic.com/homebrew/Cellar/ncurses/6.4/include conftest.cc >&5
configure:3507: $? = 0
configure:3510: test -s conftest.o
configure:3513: $? = 0
configure:3524: result: yes
configure:3591: checking version of clang++
configure:3599: result: 14.0.3
configure:3612: checking if you want to build C++ binding and demo
configure:3622: result: yes
configure:3625: checking if you want to build with Ada
configure:3627: result: no
configure:3630: checking if you want to install terminal database
configure:3640: result: yes
configure:3643: checking if you want to install manpages
configure:3653: result: yes
configure:3656: checking if you want to build programs such as tic
configure:3666: result: yes
configure:3694: checking if you want to build test-programs
configure:3704: result: yes
configure:3707: checking if you wish to install curses.h
configure:3717: result: yes
configure:3742: checking for mawk
configure:3768: result: no
configure:3742: checking for gawk
configure:3768: result: no
configure:3742: checking for nawk
configure:3768: result: no
configure:3742: checking for awk
configure:3757: found /usr/bin/awk
configure:3765: result: awk
configure:3791: checking for a BSD compatible install
configure:3840: result: /usr/bin/install -c
configure:3865: checking for lint
configure:3891: result: no
configure:3865: checking for cppcheck
configure:3891: result: no
configure:3865: checking for splint
configure:3891: result: no
configure:3904: checking whether ln -s works
configure:3908: result: yes
configure:3915: checking if ln -s -f options work
configure:3927: result: yes
configure:3932: checking for long file names
configure:3971: result: yes
configure:4000: checking if you want to use pkg-config
configure:4010: result: yes
configure:4062: checking for pkg-config
configure:4079: found /Users/local/Documents/PREDOMINANT-PLANET/predo_planet/predominantmusic.com/homebrew/Library/Homebrew/shims/mac/super/pkg-config
configure:4091: result: /Users/local/Documents/PREDOMINANT-PLANET/predo_planet/predominantmusic.com/homebrew/Library/Homebrew/shims/mac/super/pkg-config
configure:4154: checking for /Users/local/Documents/PREDOMINANT-PLANET/predo_planet/predominantmusic.com/homebrew/Library/Homebrew/shims/mac/super/pkg-config library directory
configure:4186: result: /Users/local/Documents/PREDOMINANT-PLANET/predo_planet/predominantmusic.com/homebrew/Cellar/ncurses/6.4/lib/pkgconfig
configure:4285: checking if we should install .pc files for /Users/local/Documents/PREDOMINANT-PLANET/predo_planet/predominantmusic.com/homebrew/Library/Homebrew/shims/mac/super/pkg-config
configure:4299: result: yes
configure:4352: checking for suffix to add to pc-files
configure:4367: result: none
configure:4373: checking if we should assume mixed-case filenames
configure:4383: result: auto
configure:4387: checking if filesystem supports mixed-case filenames
configure:4414: result: no
configure:4433: checking whether make sets ${MAKE}
configure:4453: result: yes
configure:4462: checking for ".PHONY" make-support
** making always.out 1
echo 1 > always.out
** making always 1
** making once.out 1
echo 1 > once.out
** making once 1
make: Nothing to be done for `always'.
touch once
** making always.out 2
echo 2 > always.out
** making always 2
** making once.out 2
echo 2 > once.out
** making once 2
make: Nothing to be done for `always'.
touch once
** making always.out 3
echo 3 > always.out
** making always 3
** making once.out 3
echo 3 > once.out
make: Nothing to be done for `always'.
make: `once' is up to date.
configure:4517: result: yes
configure:4528: checking for exctags
configure:4554: result: no
configure:4528: checking for ctags
configure:4543: found /usr/bin/ctags
configure:4551: result: ctags
configure:4565: checking for exetags
configure:4591: result: no
configure:4565: checking for etags
configure:4591: result: no
configure:4600: checking for ctags
configure:4615: found /usr/bin/ctags
configure:4624: result: yes
configure:4681: checking for makeflags variable
configure:4719: result: 
configure:4760: checking for ranlib
configure:4775: found /usr/bin/ranlib
configure:4784: result: ranlib
configure:4834: checking for ld
configure:4849: found /Users/local/Documents/PREDOMINANT-PLANET/predo_planet/predominantmusic.com/homebrew/Library/Homebrew/shims/mac/super/ld
configure:4858: result: ld
configure:4908: checking for ar
configure:4923: found /usr/bin/ar
configure:4932: result: ar
configure:4982: checking for nm
configure:4997: found /usr/bin/nm
configure:5006: result: nm
configure:5056: checking for ar
configure:5080: result: ar
configure:5092: checking for options to update archives
configure:5132: clang -c -g -O2 -Qunused-arguments -Wno-error=implicit-function-declaration  conftest.c >&5
configure:5135: $? = 0
ar  -curvU conftest.a conftest.o
/Applications/Xcode.app/Contents/Developer/Toolchains/XcodeDefault.xctoolchain/usr/bin/ar: illegal option -- U
usage:  ar -d [-TLsv] archive file ...
	ar -m [-TLsv] archive file ...
	ar -m [-abiTLsv] position archive file ...
	ar -p [-TLsv] archive [file ...]
	ar -q [-cTLsv] archive file ...
	ar -r [-cuTLsv] archive file ...
	ar -r [-abciuTLsv] position archive file ...
	ar -t [-TLsv] archive [file ...]
	ar -x [-ouTLsv] archive [file ...]
configure:5132: clang -c -g -O2 -Qunused-arguments -Wno-error=implicit-function-declaration  conftest.c >&5
configure:5135: $? = 0
ar  -curv conftest.a conftest.o
configure:5156: result: -curv
configure:5167: checking if you have specified an install-prefix
configure:5180: result: 
configure:5393: checking if libtool -version-number should be used
configure:5410: result: yes
configure:5459: checking if you want to build libraries with libtool
configure:5469: result: no
configure:5779: checking if you want to build shared libraries
configure:5789: result: yes
configure:5793: checking if you want to build static libraries
configure:5803: result: yes
configure:5807: checking if you want to build debug libraries
configure:5817: result: yes
configure:5821: checking if you want to build profiling libraries
configure:5831: result: no
configure:5839: checking if you want to build C++ shared libraries
configure:5849: result: yes
configure:5856: checking for specified models
configure:5860: result:  shared normal debug
configure:5865: checking for default model
configure:5868: result: shared
configure:5882: checking if you want to have a library-prefix
configure:5892: result: auto
configure:5923: checking for PATH separator
configure:5930: result: :
configure:5935: checking if you want to build a separate terminfo library
configure:5945: result: no
configure:5948: checking if you want to build a separate tic library
configure:5958: result: no
configure:5971: checking for default loader flags
configure:5980: result: 
configure:5986: checking if rpath option should be used
configure:5996: result: no
configure:5999: checking if shared libraries should be relinked during install
configure:6009: result: yes
configure:6130: checking if release/abi version should be used for shared libs
configure:6156: result: auto
configure:6179: checking which clang option to use
configure:6198: clang -c -g -O2 -Qunused-arguments -Wno-error=implicit-function-declaration -fPIC  conftest.c >&5
configure:6201: $? = 0
configure:6204: test -s conftest.o
configure:6207: $? = 0
configure:6216: result: -fPIC
configure:6287: checking if ld -search_paths_first works
configure:6308: clang -o conftest -g -O2 -Qunused-arguments -Wno-error=implicit-function-declaration   -Wl,-search_paths_first conftest.c  >&5
configure:6311: $? = 0
configure:6314: test -s conftest
configure:6317: $? = 0
configure:6328: result: yes
configure:6758: checking if CFLAGS option -no-cpp-precomp works
configure:6760: clang -c -g -O2 -Qunused-arguments -Wno-error=implicit-function-declaration -no-cpp-precomp  conftest.c >&5
configure:6763: $? = 0
configure:6765: result: yes
configure:6784: testing CC_SHARED_OPTS: -dynamic ...
configure:6788: testing MK_SHARED_LIB:  ${CC} ${LDFLAGS} ${CFLAGS} -dynamiclib -install_name ${libdir}/`basename $@` -compatibility_version ${ABI_VERSION} -current_version ${ABI_VERSION} -o $@ ...
configure:6846: checking if current CFLAGS link properly
configure:6861: clang -o conftest -g -O2 -Qunused-arguments -Wno-error=implicit-function-declaration -no-cpp-precomp   -Wl,-search_paths_first conftest.c  >&5
configure:6864: $? = 0
configure:6867: test -s conftest
configure:6870: $? = 0
configure:6879: result: yes
configure:6890: checking if versioned-symbols file should be used
configure:6919: result: no
configure:7040: checking if you want to link with the GPM mouse library
configure:7050: result: no
configure:7630: checking if you want to use PCRE2 for regular-expressions
configure:7639: result: no
configure:8130: checking if you want to disable library suffixes
configure:8147: result: no
configure:8416: checking if you want to disable extra LDFLAGS for package-scripts
configure:8433: result: no
configure:8441: checking if you wish to append extra suffix to header/library paths
configure:8460: result: 
configure:8464: checking if you wish to install ncurses overwriting curses
configure:8474: result: no
configure:8477: checking if external terminfo-database is used
configure:8487: result: yes
configure:8503: checking which terminfo source-file will be installed
configure:8511: result: ${top_srcdir}/misc/terminfo.src
configure:8514: checking whether to use hashed database instead of directory/tree
configure:8524: result: no
configure:8530: checking for list of fallback descriptions
configure:8540: result: 
configure:8599: checking for tic
configure:8614: found /usr/bin/tic
configure:8622: result: tic
configure:8672: checking for infocmp
configure:8687: found /usr/bin/infocmp
configure:8695: result: infocmp
configure:9038: checking if you want modern xterm or antique
configure:9052: result: xterm-new
configure:9065: checking if xterm backspace sends BS or DEL
configure:9086: result: BS
configure:9102: checking for list of terminfo directories
configure:9165: result: /Users/local/Documents/PREDOMINANT-PLANET/predo_planet/predominantmusic.com/homebrew/Cellar/ncurses/6.4/share/terminfo
configure:9180: checking for default terminfo directory
configure:9225: result: /Users/local/Documents/PREDOMINANT-PLANET/predo_planet/predominantmusic.com/homebrew/Cellar/ncurses/6.4/share/terminfo
configure:9236: checking if big-core option selected
configure:9262: clang -o conftest -g -O2 -Qunused-arguments -Wno-error=implicit-function-declaration -no-cpp-precomp   -Wl,-search_paths_first conftest.c  >&5
configure:9265: $? = 0
configure:9267: ./conftest
configure:9270: $? = 0
configure:9282: result: yes
configure:9292: checking if big-strings option selected
configure:9316: result: yes
configure:9323: checking if you want termcap-fallback support
configure:9333: result: no
configure:9467: checking if ~/.terminfo is wanted
configure:9477: result: yes
configure:9484: checking if you want to permit root to use ncurses environment variables
configure:9494: result: yes
configure:9501: checking if you want to permit setuid programs to access all files
configure:9511: result: yes
configure:9526: checking for unistd.h
configure:9536: clang -E  conftest.c
configure:9542: $? = 0
configure:9561: result: yes
configure:9576: checking for remove
configure:9613: clang -o conftest -g -O2 -Qunused-arguments -Wno-error=implicit-function-declaration -no-cpp-precomp   -Wl,-search_paths_first conftest.c  >&5
configure:9616: $? = 0
configure:9619: test -s conftest
configure:9622: $? = 0
configure:9632: result: yes
configure:9576: checking for unlink
configure:9613: clang -o conftest -g -O2 -Qunused-arguments -Wno-error=implicit-function-declaration -no-cpp-precomp   -Wl,-search_paths_first conftest.c  >&5
configure:9616: $? = 0
configure:9619: test -s conftest
configure:9622: $? = 0
configure:9632: result: yes
configure:9716: checking if link/symlink functions work
configure:9767: clang -o conftest -g -O2 -Qunused-arguments -Wno-error=implicit-function-declaration -no-cpp-precomp   -Wl,-search_paths_first conftest.c  >&5
configure:9770: $? = 0
configure:9772: ./conftest
configure:9775: $? = 0
configure:9767: clang -o conftest -g -O2 -Qunused-arguments -Wno-error=implicit-function-declaration -no-cpp-precomp   -Wl,-search_paths_first conftest.c  >&5
configure:9770: $? = 0
configure:9772: ./conftest
configure:9775: $? = 0
configure:9793: result:  link symlink
configure:9813: checking if tic should use symbolic links
configure:9823: result: yes
configure:9853: checking if you want broken-linker support code
configure:9863: result: no
configure:9877: checking if tputs should process BSD-style prefix padding
configure:9887: result: no
configure:9906: checking if the POSIX test-macros are already defined
configure:9932: clang -c -g -O2 -Qunused-arguments -Wno-error=implicit-function-declaration -no-cpp-precomp  conftest.c >&5
configure:9935: $? = 0
configure:9938: test -s conftest.o
configure:9941: $? = 0
configure:9952: result: no
configure:11490: testing add to $CPPFLAGS -D_DARWIN_C_SOURCE ...
configure:11836: checking if SIGWINCH is defined
configure:11858: clang -c -g -O2 -Qunused-arguments -Wno-error=implicit-function-declaration -no-cpp-precomp -D_DARWIN_C_SOURCE conftest.c >&5
configure:11861: $? = 0
configure:11864: test -s conftest.o
configure:11867: $? = 0
configure:11915: result: yes
configure:11985: checking for nl_langinfo and CODESET
configure:12003: clang -o conftest -g -O2 -Qunused-arguments -Wno-error=implicit-function-declaration -no-cpp-precomp -D_DARWIN_C_SOURCE  -Wl,-search_paths_first conftest.c  >&5
configure:12006: $? = 0
configure:12009: test -s conftest
configure:12012: $? = 0
configure:12023: result: yes
configure:12037: checking if you want wide-character code
configure:12047: result: yes
configure:12069: WARNING: _XOPEN_SOURCE feature test macro appears to be predefined
configure:12082: checking for wchar.h
configure:12092: clang -E -D_DARWIN_C_SOURCE conftest.c
configure:12098: $? = 0
configure:12117: result: yes
configure:12082: checking for wctype.h
configure:12092: clang -E -D_DARWIN_C_SOURCE conftest.c
configure:12098: $? = 0
configure:12117: result: yes
configure:12127: checking if wchar.h can be used as is
configure:12156: clang -c -g -O2 -Qunused-arguments -Wno-error=implicit-function-declaration -no-cpp-precomp -D_DARWIN_C_SOURCE conftest.c >&5
configure:12159: $? = 0
configure:12162: test -s conftest.o
configure:12165: $? = 0
configure:12175: result: yes
configure:12271: checking if wcwidth agrees graphics are single-width
configure:12386: clang -o conftest -g -O2 -Qunused-arguments -Wno-error=implicit-function-declaration -no-cpp-precomp -D_DARWIN_C_SOURCE  -Wl,-search_paths_first conftest.c  >&5
configure:12389: $? = 0
configure:12391: ./conftest
	-	VT100 symbols
1	0x250c	upper left corner
1	0x2514	lower left corner
1	0x2510	upper right corner
1	0x2518	lower right corner
1	0x251c	tee pointing left
1	0x2524	tee pointing right
1	0x2534	tee pointing up
1	0x252c	tee pointing down
1	0x2500	horizontal line
1	0x2502	vertical line
1	0x253c	large plus or crossover
1	0x23ba	scan line 1
1	0x23bd	scan line 9
1	0x25c6	diamond
1	0x2592	checker board (stipple)
1	0x00b0	degree symbol
1	0x00b1	plus/minus
1	0x00b7	bullet
	-	Teletype 5410v1 symbols
1	0x2190	arrow pointing left
1	0x2192	arrow pointing right
1	0x2193	arrow pointing down
1	0x2191	arrow pointing up
1	0x2592	board of squares
1	0x2603	lantern symbol
1	0x25ae	solid square block
	-	these defaults were invented for ncurses
1	0x23bb	scan line 3
1	0x23bc	scan line 7
1	0x2264	less-than-or-equal-to
1	0x2265	greater-than-or-equal-to
1	0x03c0	greek pi
1	0x2260	not-equal
1	0x00a3	pound-sterling symbol
	-	thick-line-drawing
1	0x250f	upper left corner
1	0x2517	lower left corner
1	0x2513	upper right corner
1	0x251b	lower right corner
1	0x2523	tee pointing left
1	0x252b	tee pointing right
1	0x253b	tee pointing up
1	0x2533	tee pointing down
1	0x2501	horizontal line
1	0x2503	vertical line
1	0x254b	large plus or crossover
	-	double-line-drawing
1	0x2554	upper left corner
1	0x255a	lower left corner
1	0x2557	upper right corner
1	0x255d	lower right corner
1	0x2563	tee pointing left
1	0x2560	tee pointing right
1	0x2569	tee pointing up
1	0x2566	tee pointing down
1	0x2550	horizontal line
1	0x2551	vertical line
1	0x256c	large plus or crossover
54/54 passed wcwidth/graphics check
configure:12394: $? = 0
configure:12407: result: yes
configure:12418: checking for putwc
configure:12455: clang -o conftest -g -O2 -Qunused-arguments -Wno-error=implicit-function-declaration -no-cpp-precomp -D_DARWIN_C_SOURCE  -Wl,-search_paths_first conftest.c  >&5
configure:12458: $? = 0
configure:12461: test -s conftest
configure:12464: $? = 0
configure:12474: result: yes
configure:12418: checking for btowc
configure:12455: clang -o conftest -g -O2 -Qunused-arguments -Wno-error=implicit-function-declaration -no-cpp-precomp -D_DARWIN_C_SOURCE  -Wl,-search_paths_first conftest.c  >&5
configure:12458: $? = 0
configure:12461: test -s conftest
configure:12464: $? = 0
configure:12474: result: yes
configure:12418: checking for wctob
configure:12455: clang -o conftest -g -O2 -Qunused-arguments -Wno-error=implicit-function-declaration -no-cpp-precomp -D_DARWIN_C_SOURCE  -Wl,-search_paths_first conftest.c  >&5
configure:12458: $? = 0
configure:12461: test -s conftest
configure:12464: $? = 0
configure:12474: result: yes
configure:12418: checking for wmemchr
configure:12455: clang -o conftest -g -O2 -Qunused-arguments -Wno-error=implicit-function-declaration -no-cpp-precomp -D_DARWIN_C_SOURCE  -Wl,-search_paths_first conftest.c  >&5
configure:12435:6: warning: incompatible redeclaration of library function 'wmemchr' [-Wincompatible-library-redeclaration]
char wmemchr (void);
     ^
configure:12435:6: note: 'wmemchr' is a builtin with type 'int *(const int *, int, unsigned long)'
1 warning generated.
configure:12458: $? = 0
configure:12461: test -s conftest
configure:12464: $? = 0
configure:12474: result: yes
configure:12418: checking for mbtowc
configure:12455: clang -o conftest -g -O2 -Qunused-arguments -Wno-error=implicit-function-declaration -no-cpp-precomp -D_DARWIN_C_SOURCE  -Wl,-search_paths_first conftest.c  >&5
configure:12458: $? = 0
configure:12461: test -s conftest
configure:12464: $? = 0
configure:12474: result: yes
configure:12418: checking for wctomb
configure:12455: clang -o conftest -g -O2 -Qunused-arguments -Wno-error=implicit-function-declaration -no-cpp-precomp -D_DARWIN_C_SOURCE  -Wl,-search_paths_first conftest.c  >&5
configure:12458: $? = 0
configure:12461: test -s conftest
configure:12464: $? = 0
configure:12474: result: yes
configure:12418: checking for mblen
configure:12455: clang -o conftest -g -O2 -Qunused-arguments -Wno-error=implicit-function-declaration -no-cpp-precomp -D_DARWIN_C_SOURCE  -Wl,-search_paths_first conftest.c  >&5
configure:12458: $? = 0
configure:12461: test -s conftest
configure:12464: $? = 0
configure:12474: result: yes
configure:12418: checking for mbrlen
configure:12455: clang -o conftest -g -O2 -Qunused-arguments -Wno-error=implicit-function-declaration -no-cpp-precomp -D_DARWIN_C_SOURCE  -Wl,-search_paths_first conftest.c  >&5
configure:12458: $? = 0
configure:12461: test -s conftest
configure:12464: $? = 0
configure:12474: result: yes
configure:12418: checking for mbrtowc
configure:12455: clang -o conftest -g -O2 -Qunused-arguments -Wno-error=implicit-function-declaration -no-cpp-precomp -D_DARWIN_C_SOURCE  -Wl,-search_paths_first conftest.c  >&5
configure:12458: $? = 0
configure:12461: test -s conftest
configure:12464: $? = 0
configure:12474: result: yes
configure:12418: checking for wcsrtombs
configure:12455: clang -o conftest -g -O2 -Qunused-arguments -Wno-error=implicit-function-declaration -no-cpp-precomp -D_DARWIN_C_SOURCE  -Wl,-search_paths_first conftest.c  >&5
configure:12458: $? = 0
configure:12461: test -s conftest
configure:12464: $? = 0
configure:12474: result: yes
configure:12418: checking for mbsrtowcs
configure:12455: clang -o conftest -g -O2 -Qunused-arguments -Wno-error=implicit-function-declaration -no-cpp-precomp -D_DARWIN_C_SOURCE  -Wl,-search_paths_first conftest.c  >&5
configure:12458: $? = 0
configure:12461: test -s conftest
configure:12464: $? = 0
configure:12474: result: yes
configure:12418: checking for wcstombs
configure:12455: clang -o conftest -g -O2 -Qunused-arguments -Wno-error=implicit-function-declaration -no-cpp-precomp -D_DARWIN_C_SOURCE  -Wl,-search_paths_first conftest.c  >&5
configure:12458: $? = 0
configure:12461: test -s conftest
configure:12464: $? = 0
configure:12474: result: yes
configure:12418: checking for mbstowcs
configure:12455: clang -o conftest -g -O2 -Qunused-arguments -Wno-error=implicit-function-declaration -no-cpp-precomp -D_DARWIN_C_SOURCE  -Wl,-search_paths_first conftest.c  >&5
configure:12458: $? = 0
configure:12461: test -s conftest
configure:12464: $? = 0
configure:12474: result: yes
configure:13101: checking if we must include wchar.h to declare mbstate_t
configure:13126: clang -c -g -O2 -Qunused-arguments -Wno-error=implicit-function-declaration -no-cpp-precomp -D_DARWIN_C_SOURCE conftest.c >&5
configure:13119:1: error: unknown type name 'mbstate_t'; did you mean '__mbstate_t'?
mbstate_t state
^~~~~~~~~
__mbstate_t
/Library/Developer/CommandLineTools/SDKs/MacOSX13.sdk/usr/include/i386/_types.h:81:3: note: '__mbstate_t' declared here
} __mbstate_t;
  ^
1 error generated.
configure:13129: $? = 1
configure: failed program was:
#line 13108 "configure"
#include "confdefs.h"

#include <stdlib.h>
#include <stdarg.h>
#include <stdio.h>
#ifdef HAVE_LIBUTF8_H
#include <libutf8.h>
#endif
int
main (void)
{
mbstate_t state
  ;
  return 0;
}
configure:13161: clang -c -g -O2 -Qunused-arguments -Wno-error=implicit-function-declaration -no-cpp-precomp -D_DARWIN_C_SOURCE conftest.c >&5
configure:13164: $? = 0
configure:13167: test -s conftest.o
configure:13170: $? = 0
configure:13182: result: yes
configure:13200: checking if we must include wchar.h to declare wchar_t
configure:13225: clang -c -g -O2 -Qunused-arguments -Wno-error=implicit-function-declaration -no-cpp-precomp -D_DARWIN_C_SOURCE conftest.c >&5
configure:13228: $? = 0
configure:13231: test -s conftest.o
configure:13234: $? = 0
configure:13281: result: no
configure:13304: checking if we must include wchar.h to declare wint_t
configure:13329: clang -c -g -O2 -Qunused-arguments -Wno-error=implicit-function-declaration -no-cpp-precomp -D_DARWIN_C_SOURCE conftest.c >&5
configure:13322:7: error: expected ';' after expression
wint_t state
      ^
      ;
configure:13322:1: error: use of undeclared identifier 'wint_t'
wint_t state
^
configure:13322:8: error: use of undeclared identifier 'state'
wint_t state
       ^
3 errors generated.
configure:13332: $? = 1
configure: failed program was:
#line 13311 "configure"
#include "confdefs.h"

#include <stdlib.h>
#include <stdarg.h>
#include <stdio.h>
#ifdef HAVE_LIBUTF8_H
#include <libutf8.h>
#endif
int
main (void)
{
wint_t state
  ;
  return 0;
}
configure:13364: clang -c -g -O2 -Qunused-arguments -Wno-error=implicit-function-declaration -no-cpp-precomp -D_DARWIN_C_SOURCE conftest.c >&5
configure:13367: $? = 0
configure:13370: test -s conftest.o
configure:13373: $? = 0
configure:13385: result: yes
configure:13417: checking whether to enable _LP64 definition in curses.h
configure:13427: result: yes
configure:13443: checking for special C compiler options needed for large files
configure:13517: result: no
configure:13523: checking for _FILE_OFFSET_BITS value needed for large files
configure:13551: clang -c -g -O2 -Qunused-arguments -Wno-error=implicit-function-declaration -no-cpp-precomp -D_DARWIN_C_SOURCE conftest.c >&5
configure:13554: $? = 0
configure:13557: test -s conftest.o
configure:13560: $? = 0
configure:13610: result: no
configure:13620: checking for _LARGE_FILES value needed for large files
configure:13648: clang -c -g -O2 -Qunused-arguments -Wno-error=implicit-function-declaration -no-cpp-precomp -D_DARWIN_C_SOURCE conftest.c >&5
configure:13651: $? = 0
configure:13654: test -s conftest.o
configure:13657: $? = 0
configure:13707: result: no
configure:13720: checking for _LARGEFILE_SOURCE value needed for large files
configure:13740: clang -c -g -O2 -Qunused-arguments -Wno-error=implicit-function-declaration -no-cpp-precomp -D_DARWIN_C_SOURCE conftest.c >&5
configure:13733:9: warning: address of function 'fseeko' will always evaluate to 'true' [-Wpointer-bool-conversion]
return !fseeko;
       ~^~~~~~
configure:13733:9: note: prefix with the address-of operator to silence this warning
return !fseeko;
        ^
        &
1 warning generated.
configure:13743: $? = 0
configure:13746: test -s conftest.o
configure:13749: $? = 0
configure:13791: result: no
configure:13805: checking for fseeko
configure:13823: clang -o conftest -g -O2 -Qunused-arguments -Wno-error=implicit-function-declaration -no-cpp-precomp -D_DARWIN_C_SOURCE  -Wl,-search_paths_first conftest.c  >&5
configure:13816:8: warning: address of function 'fseeko' will always evaluate to 'true' [-Wpointer-bool-conversion]
return fseeko && fseeko (stdin, 0, 0);
       ^~~~~~ ~~
configure:13816:8: note: prefix with the address-of operator to silence this warning
return fseeko && fseeko (stdin, 0, 0);
       ^
       &
1 warning generated.
configure:13826: $? = 0
configure:13829: test -s conftest
configure:13832: $? = 0
configure:13842: result: yes
configure:13881: checking whether to use struct dirent64
configure:13911: clang -c -g -O2 -Qunused-arguments -Wno-error=implicit-function-declaration -no-cpp-precomp -D_DARWIN_C_SOURCE conftest.c >&5
configure:13899:28: error: conflicting types for 'readdir'
                extern struct dirent64 * readdir(DIR *);
                                         ^
/Library/Developer/CommandLineTools/SDKs/MacOSX13.sdk/usr/include/dirent.h:109:16: note: previous declaration is here
struct dirent *readdir(DIR *) __DARWIN_INODE64(readdir);
               ^
configure:13902:13: error: 'struct dirent64 *' and 'struct dirent *' are not pointers to compatible types
                int z = x - y;
                        ~ ^ ~
2 errors generated.
configure:13914: $? = 1
configure: failed program was:
#line 13888 "configure"
#include "confdefs.h"

#pragma GCC diagnostic error "-Wincompatible-pointer-types"
#include <sys/types.h>
#include <dirent.h>

int
main (void)
{

		/* if transitional largefile support is setup, this is true */
		extern struct dirent64 * readdir(DIR *);
		struct dirent64 *x = readdir((DIR *)0);
		struct dirent *y = readdir((DIR *)0);
		int z = x - y;
		(void)z;

  ;
  return 0;
}
configure:13931: result: no
configure:13941: checking if you want tparm not to use X/Open fixed-parameter list
configure:13951: result: yes
configure:13975: checking if you want to enable wattr* macros
configure:13987: result: no
configure:13995: checking for X11 rgb file
configure:14067: result: /opt/X11/share/X11/rgb.txt
configure:14081: checking for type of bool
configure:14091: result: auto
configure:14094: checking for alternate terminal capabilities file
configure:14110: result: Caps
configure:14114: checking for type of chtype
configure:14124: result: uint32_t
configure:14128: checking for type of ospeed
configure:14138: result: short
configure:14142: checking for type of mmask_t
configure:14152: result: uint32_t
configure:14156: checking for size CCHARW_MAX
configure:14166: result: 5
configure:14169: checking for ANSI C header files
configure:14183: clang -E -D_DARWIN_C_SOURCE conftest.c
configure:14189: $? = 0
configure:14276: clang -o conftest -g -O2 -Qunused-arguments -Wno-error=implicit-function-declaration -no-cpp-precomp -D_DARWIN_C_SOURCE  -Wl,-search_paths_first conftest.c  >&5
configure:14279: $? = 0
configure:14281: ./conftest
configure:14284: $? = 0
configure:14297: result: yes
configure:14313: checking for sys/types.h
configure:14325: clang -c -g -O2 -Qunused-arguments -Wno-error=implicit-function-declaration -no-cpp-precomp -D_DARWIN_C_SOURCE conftest.c >&5
configure:14328: $? = 0
configure:14331: test -s conftest.o
configure:14334: $? = 0
configure:14344: result: yes
configure:14313: checking for sys/stat.h
configure:14325: clang -c -g -O2 -Qunused-arguments -Wno-error=implicit-function-declaration -no-cpp-precomp -D_DARWIN_C_SOURCE conftest.c >&5
configure:14328: $? = 0
configure:14331: test -s conftest.o
configure:14334: $? = 0
configure:14344: result: yes
configure:14313: checking for stdlib.h
configure:14325: clang -c -g -O2 -Qunused-arguments -Wno-error=implicit-function-declaration -no-cpp-precomp -D_DARWIN_C_SOURCE conftest.c >&5
configure:14328: $? = 0
configure:14331: test -s conftest.o
configure:14334: $? = 0
configure:14344: result: yes
configure:14313: checking for string.h
configure:14325: clang -c -g -O2 -Qunused-arguments -Wno-error=implicit-function-declaration -no-cpp-precomp -D_DARWIN_C_SOURCE conftest.c >&5
configure:14328: $? = 0
configure:14331: test -s conftest.o
configure:14334: $? = 0
configure:14344: result: yes
configure:14313: checking for memory.h
configure:14325: clang -c -g -O2 -Qunused-arguments -Wno-error=implicit-function-declaration -no-cpp-precomp -D_DARWIN_C_SOURCE conftest.c >&5
configure:14328: $? = 0
configure:14331: test -s conftest.o
configure:14334: $? = 0
configure:14344: result: yes
configure:14313: checking for strings.h
configure:14325: clang -c -g -O2 -Qunused-arguments -Wno-error=implicit-function-declaration -no-cpp-precomp -D_DARWIN_C_SOURCE conftest.c >&5
configure:14328: $? = 0
configure:14331: test -s conftest.o
configure:14334: $? = 0
configure:14344: result: yes
configure:14313: checking for inttypes.h
configure:14325: clang -c -g -O2 -Qunused-arguments -Wno-error=implicit-function-declaration -no-cpp-precomp -D_DARWIN_C_SOURCE conftest.c >&5
configure:14328: $? = 0
configure:14331: test -s conftest.o
configure:14334: $? = 0
configure:14344: result: yes
configure:14313: checking for stdint.h
configure:14325: clang -c -g -O2 -Qunused-arguments -Wno-error=implicit-function-declaration -no-cpp-precomp -D_DARWIN_C_SOURCE conftest.c >&5
configure:14328: $? = 0
configure:14331: test -s conftest.o
configure:14334: $? = 0
configure:14344: result: yes
configure:14313: checking for unistd.h
configure:14344: result: yes
configure:14354: checking for signed char
configure:14375: clang -c -g -O2 -Qunused-arguments -Wno-error=implicit-function-declaration -no-cpp-precomp -D_DARWIN_C_SOURCE conftest.c >&5
configure:14378: $? = 0
configure:14381: test -s conftest.o
configure:14384: $? = 0
configure:14394: result: yes
configure:14397: checking size of signed char
configure:14561: clang -o conftest -g -O2 -Qunused-arguments -Wno-error=implicit-function-declaration -no-cpp-precomp -D_DARWIN_C_SOURCE  -Wl,-search_paths_first conftest.c  >&5
configure:14564: $? = 0
configure:14566: ./conftest
configure:14569: $? = 0
configure:14585: result: 1
configure:14596: checking if you want to use signed Boolean array in term.h
configure:14606: result: no
configure:14611: checking for type of tparm args
configure:14621: result: intptr_t
configure:14625: checking if RCS identifiers should be compiled-in
configure:14635: result: no
configure:14644: checking format of man-pages
configure:14735: result:  normal
configure:14742: checking for manpage renaming
configure:14776: result: no
configure:14779: checking if manpage aliases will be installed
configure:14790: result: yes
configure:14804: checking if manpage symlinks should be used
configure:14823: result: yes
configure:14827: checking for manpage tbl
configure:14838: result: no
configure:15183: checking if you want to build with function extensions
configure:15193: result: yes
configure:15253: checking if you want to build with SCREEN extensions
configure:15263: result: yes
configure:15282: checking if you want to build with terminal-driver
configure:15292: result: no
configure:15313: checking for extended use of const keyword
configure:15323: result: yes
configure:15331: checking if you want to use extended colors
configure:15341: result: yes
configure:15384: checking if you want to use extended mouse encoding
configure:15394: result: yes
configure:15424: checking if you want to use extended putwin/screendump
configure:15434: result: yes
configure:15444: checking if you want $NCURSES_NO_PADDING code
configure:15454: result: yes
configure:15462: checking if you want SIGWINCH handler
configure:15472: result: yes
configure:15480: checking if you want user-definable terminal capabilities like termcap
configure:15490: result: yes
configure:15497: checking if you want to link with the pthread library
configure:15507: result: no
configure:15849: checking if you want reentrant code
configure:15859: result: no
configure:15959: checking if you want opaque curses-library structures
configure:15981: result: no
configure:15990: checking if you want opaque form-library structures
configure:16000: result: no
configure:16003: checking if you want opaque menu-library structures
configure:16013: result: no
configure:16016: checking if you want opaque panel-library structures
configure:16026: result: no
configure:16059: checking if you want all development code
configure:16069: result: no
configure:16073: checking if you want hard-tabs code
configure:16083: result: no
configure:16091: checking if you want limited support for xmc
configure:16101: result: no
configure:16111: checking if you do not want to assume colors are white-on-black
configure:16121: result: yes
configure:16129: checking if you want hashmap scrolling-optimization code
configure:16139: result: yes
configure:16147: checking if you want colorfgbg code
configure:16157: result: no
configure:16165: checking if you want to use gcc -fvisibility option
configure:16175: result: no
configure:16512: checking if you want interop bindings
configure:16522: result: yes
configure:16528: checking if you want experimental safe-sprintf code
configure:16538: result: no
configure:16563: checking if you want wgetch-events code
configure:16573: result: no
configure:16624: checking if you want to see long compiling messages
configure:16658: result: yes
configure:16671: checking if you want to install stripped executables
configure:16688: result: yes
configure:16699: checking if install accepts -p option
configure:16730: result: yes
configure:16733: checking if install needs to be told about ownership
configure:16744: result: no
configure:16769: checking if you want to use C11 _Noreturn feature
configure:16786: result: no
configure:17001: checking if you want to turn on gcc warnings
configure:17018: result: no
configure:17270: checking for clang __attribute__ directives...
checking for clang __attribute__((scanf))
configure:17322: clang -c -g -O2 -Qunused-arguments -Wno-error=implicit-function-declaration -no-cpp-precomp -D_DARWIN_C_SOURCE conftest.c >&5
configure:17325: $? = 0
checking for clang __attribute__((printf))
configure:17322: clang -c -g -O2 -Qunused-arguments -Wno-error=implicit-function-declaration -no-cpp-precomp -D_DARWIN_C_SOURCE conftest.c >&5
configure:17325: $? = 0
checking for clang __attribute__((unused))
configure:17322: clang -c -g -O2 -Qunused-arguments -Wno-error=implicit-function-declaration -no-cpp-precomp -D_DARWIN_C_SOURCE conftest.c >&5
configure:17325: $? = 0
checking for clang __attribute__((noreturn))
configure:17322: clang -c -g -O2 -Qunused-arguments -Wno-error=implicit-function-declaration -no-cpp-precomp -D_DARWIN_C_SOURCE conftest.c >&5
configure:17325: $? = 0
configure:17685: checking if you want to work around bogus compiler/loader warnings
configure:17695: result: no
configure:17967: checking if you want to enable runtime assertions
configure:17977: result: no
configure:17993: checking if you want to use dmalloc for testing
configure:18015: result: no
configure:18230: checking if you want to use dbmalloc for testing
configure:18252: result: no
configure:18467: checking if you want to use valgrind for testing
configure:18489: result: no
configure:18602: checking if you want to perform memory-leak testing
configure:18613: result: no
configure:18665: checking whether to add trace feature to all models
configure:18675: result: no
configure:18789: checking if we want to use GNAT projects
configure:18806: result: yes
configure:18928: checking for gettimeofday
configure:18965: clang -o conftest -g -O2 -Qunused-arguments -Wno-error=implicit-function-declaration -no-cpp-precomp -D_DARWIN_C_SOURCE -DNDEBUG  -Wl,-search_paths_first conftest.c  >&5
configure:18968: $? = 0
configure:18971: test -s conftest
configure:18974: $? = 0
configure:18984: result: yes
configure:19071: checking if -lm needed for math functions
configure:19094: clang -o conftest -g -O2 -Qunused-arguments -Wno-error=implicit-function-declaration -no-cpp-precomp -D_DARWIN_C_SOURCE -DNDEBUG  -Wl,-search_paths_first conftest.c  >&5
configure:19097: $? = 0
configure:19100: test -s conftest
configure:19103: $? = 0
configure:19113: result: no
configure:19185: checking for ANSI C header files
configure:19313: result: yes
configure:19326: checking for dirent.h that defines DIR
configure:19347: clang -c -g -O2 -Qunused-arguments -Wno-error=implicit-function-declaration -no-cpp-precomp -D_DARWIN_C_SOURCE -DNDEBUG conftest.c >&5
configure:19350: $? = 0
configure:19353: test -s conftest.o
configure:19356: $? = 0
configure:19366: result: yes
configure:19379: checking for opendir in -ldir
configure:19406: clang -o conftest -g -O2 -Qunused-arguments -Wno-error=implicit-function-declaration -no-cpp-precomp -D_DARWIN_C_SOURCE -DNDEBUG  -Wl,-search_paths_first conftest.c -ldir   >&5
ld: library not found for -ldir
clang: error: linker command failed with exit code 1 (use -v to see invocation)
configure:19409: $? = 1
configure: failed program was:
#line 19387 "configure"
#include "confdefs.h"

/* Override any gcc2 internal prototype to avoid an error.  */
#ifdef __cplusplus
extern "C"
#endif
/* We use char because int might match the return type of a gcc2
   builtin and then its argument prototype would still apply.  */
char opendir ();
int
main (void)
{
opendir ();
  ;
  return 0;
}
configure:19426: result: no
configure:19488: checking whether time.h and sys/time.h may both be included
configure:19510: clang -c -g -O2 -Qunused-arguments -Wno-error=implicit-function-declaration -no-cpp-precomp -D_DARWIN_C_SOURCE -DNDEBUG conftest.c >&5
configure:19513: $? = 0
configure:19516: test -s conftest.o
configure:19519: $? = 0
configure:19529: result: yes
configure:19897: checking for regcomp
configure:19934: clang -o conftest -g -O2 -Qunused-arguments -Wno-error=implicit-function-declaration -no-cpp-precomp -D_DARWIN_C_SOURCE -DNDEBUG  -Wl,-search_paths_first conftest.c  >&5
configure:19937: $? = 0
configure:19940: test -s conftest
configure:19943: $? = 0
configure:19953: result: yes
configure:20182: checking for regular-expression headers
configure:20257: clang -o conftest -g -O2 -Qunused-arguments -Wno-error=implicit-function-declaration -no-cpp-precomp -D_DARWIN_C_SOURCE -DNDEBUG  -Wl,-search_paths_first conftest.c  >&5
configure:20260: $? = 0
configure:20263: test -s conftest
configure:20266: $? = 0
configure:20282: result: regex.h
configure:20323: checking for fcntl.h
configure:20333: clang -E -D_DARWIN_C_SOURCE -DNDEBUG conftest.c
configure:20339: $? = 0
configure:20358: result: yes
configure:20323: checking for getopt.h
configure:20333: clang -E -D_DARWIN_C_SOURCE -DNDEBUG conftest.c
configure:20339: $? = 0
configure:20358: result: yes
configure:20323: checking for limits.h
configure:20333: clang -E -D_DARWIN_C_SOURCE -DNDEBUG conftest.c
configure:20339: $? = 0
configure:20358: result: yes
configure:20323: checking for locale.h
configure:20333: clang -E -D_DARWIN_C_SOURCE -DNDEBUG conftest.c
configure:20339: $? = 0
configure:20358: result: yes
configure:20323: checking for math.h
configure:20333: clang -E -D_DARWIN_C_SOURCE -DNDEBUG conftest.c
configure:20339: $? = 0
configure:20358: result: yes
configure:20323: checking for poll.h
configure:20333: clang -E -D_DARWIN_C_SOURCE -DNDEBUG conftest.c
configure:20339: $? = 0
configure:20358: result: yes
configure:20323: checking for sys/ioctl.h
configure:20333: clang -E -D_DARWIN_C_SOURCE -DNDEBUG conftest.c
configure:20339: $? = 0
configure:20358: result: yes
configure:20323: checking for sys/param.h
configure:20333: clang -E -D_DARWIN_C_SOURCE -DNDEBUG conftest.c
configure:20339: $? = 0
configure:20358: result: yes
configure:20323: checking for sys/poll.h
configure:20333: clang -E -D_DARWIN_C_SOURCE -DNDEBUG conftest.c
configure:20339: $? = 0
configure:20358: result: yes
configure:20323: checking for sys/select.h
configure:20333: clang -E -D_DARWIN_C_SOURCE -DNDEBUG conftest.c
configure:20339: $? = 0
configure:20358: result: yes
configure:20323: checking for sys/time.h
configure:20333: clang -E -D_DARWIN_C_SOURCE -DNDEBUG conftest.c
configure:20339: $? = 0
configure:20358: result: yes
configure:20323: checking for sys/times.h
configure:20333: clang -E -D_DARWIN_C_SOURCE -DNDEBUG conftest.c
configure:20339: $? = 0
configure:20358: result: yes
configure:20323: checking for unistd.h
configure:20358: result: yes
configure:20323: checking for wctype.h
configure:20358: result: yes
configure:20371: checking for unistd.h
configure:20406: result: yes
configure:20371: checking for getopt.h
configure:20406: result: yes
configure:20416: checking for header declaring getopt variables
configure:20439: clang -c -g -O2 -Qunused-arguments -Wno-error=implicit-function-declaration -no-cpp-precomp -D_DARWIN_C_SOURCE -DNDEBUG conftest.c >&5
configure:20432:9: error: use of undeclared identifier 'optind'
int x = optind; char *y = optarg; (void)x; (void)y
        ^
configure:20432:27: error: use of undeclared identifier 'optarg'
int x = optind; char *y = optarg; (void)x; (void)y
                          ^
2 errors generated.
configure:20442: $? = 1
configure: failed program was:
#line 20426 "configure"
#include "confdefs.h"

#include <stdio.h>
int
main (void)
{
int x = optind; char *y = optarg; (void)x; (void)y
  ;
  return 0;
}
configure:20439: clang -c -g -O2 -Qunused-arguments -Wno-error=implicit-function-declaration -no-cpp-precomp -D_DARWIN_C_SOURCE -DNDEBUG conftest.c >&5
configure:20432:9: error: use of undeclared identifier 'optind'
int x = optind; char *y = optarg; (void)x; (void)y
        ^
configure:20432:27: error: use of undeclared identifier 'optarg'
int x = optind; char *y = optarg; (void)x; (void)y
                          ^
2 errors generated.
configure:20442: $? = 1
configure: failed program was:
#line 20426 "configure"
#include "confdefs.h"

#include <stdlib.h>
int
main (void)
{
int x = optind; char *y = optarg; (void)x; (void)y
  ;
  return 0;
}
configure:20439: clang -c -g -O2 -Qunused-arguments -Wno-error=implicit-function-declaration -no-cpp-precomp -D_DARWIN_C_SOURCE -DNDEBUG conftest.c >&5
configure:20442: $? = 0
configure:20445: test -s conftest.o
configure:20448: $? = 0
configure:20460: result: unistd.h
configure:20477: checking if external environ is declared
configure:20500: clang -c -g -O2 -Qunused-arguments -Wno-error=implicit-function-declaration -no-cpp-precomp -D_DARWIN_C_SOURCE -DNDEBUG conftest.c >&5
configure:20493:15: error: use of undeclared identifier 'environ'; did you mean 'union'?
int x = (int) environ
              ^~~~~~~
              union
configure:20493:15: error: expected expression
2 errors generated.
configure:20503: $? = 1
configure: failed program was:
#line 20484 "configure"
#include "confdefs.h"

#ifdef HAVE_STDLIB_H
#include <stdlib.h>
#endif
#include <unistd.h>
int
main (void)
{
int x = (int) environ
  ;
  return 0;
}
configure:20520: result: no
configure:20535: checking if external environ exists
configure:20557: clang -o conftest -g -O2 -Qunused-arguments -Wno-error=implicit-function-declaration -no-cpp-precomp -D_DARWIN_C_SOURCE -DNDEBUG  -Wl,-search_paths_first conftest.c  >&5
configure:20560: $? = 0
configure:20563: test -s conftest
configure:20566: $? = 0
configure:20577: result: yes
configure:20590: checking for getenv
configure:20627: clang -o conftest -g -O2 -Qunused-arguments -Wno-error=implicit-function-declaration -no-cpp-precomp -D_DARWIN_C_SOURCE -DNDEBUG  -Wl,-search_paths_first conftest.c  >&5
configure:20630: $? = 0
configure:20633: test -s conftest
configure:20636: $? = 0
configure:20646: result: yes
configure:20652: checking for putenv
configure:20689: clang -o conftest -g -O2 -Qunused-arguments -Wno-error=implicit-function-declaration -no-cpp-precomp -D_DARWIN_C_SOURCE -DNDEBUG  -Wl,-search_paths_first conftest.c  >&5
configure:20692: $? = 0
configure:20695: test -s conftest
configure:20698: $? = 0
configure:20708: result: yes
configure:20652: checking for setenv
configure:20689: clang -o conftest -g -O2 -Qunused-arguments -Wno-error=implicit-function-declaration -no-cpp-precomp -D_DARWIN_C_SOURCE -DNDEBUG  -Wl,-search_paths_first conftest.c  >&5
configure:20692: $? = 0
configure:20695: test -s conftest
configure:20698: $? = 0
configure:20708: result: yes
configure:20652: checking for strdup
configure:20689: clang -o conftest -g -O2 -Qunused-arguments -Wno-error=implicit-function-declaration -no-cpp-precomp -D_DARWIN_C_SOURCE -DNDEBUG  -Wl,-search_paths_first conftest.c  >&5
configure:20669:6: warning: incompatible redeclaration of library function 'strdup' [-Wincompatible-library-redeclaration]
char strdup (void);
     ^
configure:20669:6: note: 'strdup' is a builtin with type 'char *(const char *)'
1 warning generated.
configure:20692: $? = 0
configure:20695: test -s conftest
configure:20698: $? = 0
configure:20708: result: yes
configure:20718: checking if getenv returns consistent values
configure:20837: clang -o conftest -g -O2 -Qunused-arguments -Wno-error=implicit-function-declaration -no-cpp-precomp -D_DARWIN_C_SOURCE -DNDEBUG  -Wl,-search_paths_first conftest.c  >&5
configure:20840: $? = 0
configure:20842: ./conftest
configure:20845: $? = 0
configure:20858: result: yes
configure:20877: checking if sys/time.h works with sys/select.h
configure:20904: clang -c -g -O2 -Qunused-arguments -Wno-error=implicit-function-declaration -no-cpp-precomp -D_DARWIN_C_SOURCE -DNDEBUG conftest.c >&5
configure:20907: $? = 0
configure:20910: test -s conftest.o
configure:20913: $? = 0
configure:20925: result: yes
configure:20940: checking for an ANSI C-conforming const
configure:21004: clang -c -g -O2 -Qunused-arguments -Wno-error=implicit-function-declaration -no-cpp-precomp -D_DARWIN_C_SOURCE -DNDEBUG conftest.c >&5
configure:21007: $? = 0
configure:21010: test -s conftest.o
configure:21013: $? = 0
configure:21023: result: yes
configure:21033: checking for inline
configure:21050: clang -c -g -O2 -Qunused-arguments -Wno-error=implicit-function-declaration -no-cpp-precomp -D_DARWIN_C_SOURCE -DNDEBUG conftest.c >&5
configure:21053: $? = 0
configure:21056: test -s conftest.o
configure:21059: $? = 0
configure:21070: result: inline
configure:21244: checking for signal global datatype
configure:21280: clang -c -g -O2 -Qunused-arguments -Wno-error=implicit-function-declaration -no-cpp-precomp -D_DARWIN_C_SOURCE -DNDEBUG conftest.c >&5
configure:21283: $? = 0
configure:21286: test -s conftest.o
configure:21289: $? = 0
configure:21303: result: volatile sig_atomic_t
configure:21392: checking if unsigned literals are legal
configure:21411: clang -c -g -O2 -Qunused-arguments -Wno-error=implicit-function-declaration -no-cpp-precomp -D_DARWIN_C_SOURCE -DNDEBUG conftest.c >&5
configure:21414: $? = 0
configure:21417: test -s conftest.o
configure:21420: $? = 0
configure:21432: result: yes
configure:21448: checking if external errno is declared
configure:21473: clang -c -g -O2 -Qunused-arguments -Wno-error=implicit-function-declaration -no-cpp-precomp -D_DARWIN_C_SOURCE -DNDEBUG conftest.c >&5
configure:21476: $? = 0
configure:21479: test -s conftest.o
configure:21482: $? = 0
configure:21493: result: yes
configure:21508: checking if external errno exists
configure:21530: clang -o conftest -g -O2 -Qunused-arguments -Wno-error=implicit-function-declaration -no-cpp-precomp -D_DARWIN_C_SOURCE -DNDEBUG  -Wl,-search_paths_first conftest.c  >&5
configure:21533: $? = 0
configure:21536: test -s conftest
configure:21539: $? = 0
configure:21550: result: yes
configure:21563: checking if data-only library module links
configure:21574: clang -c -g -O2 -Qunused-arguments -Wno-error=implicit-function-declaration -no-cpp-precomp -D_DARWIN_C_SOURCE -DNDEBUG conftest.c >&5
configure:21577: $? = 0
configure:21597: clang -c -g -O2 -Qunused-arguments -Wno-error=implicit-function-declaration -no-cpp-precomp -D_DARWIN_C_SOURCE -DNDEBUG conftest.c >&5
configure:21600: $? = 0
configure:21624: clang -o conftest -g -O2 -Qunused-arguments -Wno-error=implicit-function-declaration -no-cpp-precomp -D_DARWIN_C_SOURCE -DNDEBUG  -Wl,-search_paths_first conftest.c conftest.a  >&5
warning: (x86_64)  could not find object file symbol for symbol _testdata
configure:21627: $? = 0
configure:21629: ./conftest
configure:21632: $? = 0
configure:21647: result: yes
configure:21691: checking for fpathconf
configure:21728: clang -o conftest -g -O2 -Qunused-arguments -Wno-error=implicit-function-declaration -no-cpp-precomp -D_DARWIN_C_SOURCE -DNDEBUG  -Wl,-search_paths_first conftest.c  >&5
configure:21731: $? = 0
configure:21734: test -s conftest
configure:21737: $? = 0
configure:21747: result: yes
configure:21691: checking for getcwd
configure:21728: clang -o conftest -g -O2 -Qunused-arguments -Wno-error=implicit-function-declaration -no-cpp-precomp -D_DARWIN_C_SOURCE -DNDEBUG  -Wl,-search_paths_first conftest.c  >&5
configure:21731: $? = 0
configure:21734: test -s conftest
configure:21737: $? = 0
configure:21747: result: yes
configure:21691: checking for getegid
configure:21728: clang -o conftest -g -O2 -Qunused-arguments -Wno-error=implicit-function-declaration -no-cpp-precomp -D_DARWIN_C_SOURCE -DNDEBUG  -Wl,-search_paths_first conftest.c  >&5
configure:21731: $? = 0
configure:21734: test -s conftest
configure:21737: $? = 0
configure:21747: result: yes
configure:21691: checking for geteuid
configure:21728: clang -o conftest -g -O2 -Qunused-arguments -Wno-error=implicit-function-declaration -no-cpp-precomp -D_DARWIN_C_SOURCE -DNDEBUG  -Wl,-search_paths_first conftest.c  >&5
configure:21731: $? = 0
configure:21734: test -s conftest
configure:21737: $? = 0
configure:21747: result: yes
configure:21691: checking for getopt
configure:21728: clang -o conftest -g -O2 -Qunused-arguments -Wno-error=implicit-function-declaration -no-cpp-precomp -D_DARWIN_C_SOURCE -DNDEBUG  -Wl,-search_paths_first conftest.c  >&5
configure:21731: $? = 0
configure:21734: test -s conftest
configure:21737: $? = 0
configure:21747: result: yes
configure:21691: checking for issetugid
configure:21728: clang -o conftest -g -O2 -Qunused-arguments -Wno-error=implicit-function-declaration -no-cpp-precomp -D_DARWIN_C_SOURCE -DNDEBUG  -Wl,-search_paths_first conftest.c  >&5
configure:21731: $? = 0
configure:21734: test -s conftest
configure:21737: $? = 0
configure:21747: result: yes
configure:21691: checking for localeconv
configure:21728: clang -o conftest -g -O2 -Qunused-arguments -Wno-error=implicit-function-declaration -no-cpp-precomp -D_DARWIN_C_SOURCE -DNDEBUG  -Wl,-search_paths_first conftest.c  >&5
configure:21731: $? = 0
configure:21734: test -s conftest
configure:21737: $? = 0
configure:21747: result: yes
configure:21691: checking for poll
configure:21728: clang -o conftest -g -O2 -Qunused-arguments -Wno-error=implicit-function-declaration -no-cpp-precomp -D_DARWIN_C_SOURCE -DNDEBUG  -Wl,-search_paths_first conftest.c  >&5
configure:21731: $? = 0
configure:21734: test -s conftest
configure:21737: $? = 0
configure:21747: result: yes
configure:21691: checking for putenv
configure:21747: result: yes
configure:21691: checking for remove
configure:21747: result: yes
configure:21691: checking for select
configure:21728: clang -o conftest -g -O2 -Qunused-arguments -Wno-error=implicit-function-declaration -no-cpp-precomp -D_DARWIN_C_SOURCE -DNDEBUG  -Wl,-search_paths_first conftest.c  >&5
configure:21731: $? = 0
configure:21734: test -s conftest
configure:21737: $? = 0
configure:21747: result: yes
configure:21691: checking for setbuf
configure:21728: clang -o conftest -g -O2 -Qunused-arguments -Wno-error=implicit-function-declaration -no-cpp-precomp -D_DARWIN_C_SOURCE -DNDEBUG  -Wl,-search_paths_first conftest.c  >&5
configure:21731: $? = 0
configure:21734: test -s conftest
configure:21737: $? = 0
configure:21747: result: yes
configure:21691: checking for setbuffer
configure:21728: clang -o conftest -g -O2 -Qunused-arguments -Wno-error=implicit-function-declaration -no-cpp-precomp -D_DARWIN_C_SOURCE -DNDEBUG  -Wl,-search_paths_first conftest.c  >&5
configure:21731: $? = 0
configure:21734: test -s conftest
configure:21737: $? = 0
configure:21747: result: yes
configure:21691: checking for setenv
configure:21747: result: yes
configure:21691: checking for setfsuid
configure:21728: clang -o conftest -g -O2 -Qunused-arguments -Wno-error=implicit-function-declaration -no-cpp-precomp -D_DARWIN_C_SOURCE -DNDEBUG  -Wl,-search_paths_first conftest.c  >&5
Undefined symbols for architecture x86_64:
  "_setfsuid", referenced from:
      _main in conftest-1ad61e.o
ld: symbol(s) not found for architecture x86_64
clang: error: linker command failed with exit code 1 (use -v to see invocation)
configure:21731: $? = 1
configure: failed program was:
#line 21697 "configure"
#include "confdefs.h"
#define setfsuid autoconf_temporary
#include <limits.h>	/* least-intrusive standard header which defines gcc2 __stub macros */
#undef setfsuid

#ifdef __cplusplus
extern "C"
#endif

/* We use char because int might match the return type of a gcc2
   builtin and then its argument prototype would still apply.  */
char setfsuid (void);

int
main (void)
{

/* The GNU C library defines stubs for functions which it implements
    to always fail with ENOSYS.  Some functions are actually named
    something starting with __ and the normal name is an alias.  */
#if defined (__stub_setfsuid) || defined (__stub___setfsuid)
#error found stub for setfsuid
#endif

	return setfsuid ();
  ;
  return 0;
}
configure:21747: result: no
configure:21691: checking for setvbuf
configure:21728: clang -o conftest -g -O2 -Qunused-arguments -Wno-error=implicit-function-declaration -no-cpp-precomp -D_DARWIN_C_SOURCE -DNDEBUG  -Wl,-search_paths_first conftest.c  >&5
configure:21731: $? = 0
configure:21734: test -s conftest
configure:21737: $? = 0
configure:21747: result: yes
configure:21691: checking for sigaction
configure:21728: clang -o conftest -g -O2 -Qunused-arguments -Wno-error=implicit-function-declaration -no-cpp-precomp -D_DARWIN_C_SOURCE -DNDEBUG  -Wl,-search_paths_first conftest.c  >&5
configure:21731: $? = 0
configure:21734: test -s conftest
configure:21737: $? = 0
configure:21747: result: yes
configure:21691: checking for sigvec
configure:21728: clang -o conftest -g -O2 -Qunused-arguments -Wno-error=implicit-function-declaration -no-cpp-precomp -D_DARWIN_C_SOURCE -DNDEBUG  -Wl,-search_paths_first conftest.c  >&5
configure:21731: $? = 0
configure:21734: test -s conftest
configure:21737: $? = 0
configure:21747: result: yes
configure:21691: checking for snprintf
configure:21728: clang -o conftest -g -O2 -Qunused-arguments -Wno-error=implicit-function-declaration -no-cpp-precomp -D_DARWIN_C_SOURCE -DNDEBUG  -Wl,-search_paths_first conftest.c  >&5
configure:21708:6: warning: incompatible redeclaration of library function 'snprintf' [-Wincompatible-library-redeclaration]
char snprintf (void);
     ^
configure:21708:6: note: 'snprintf' is a builtin with type 'int (char *, unsigned long, const char *, ...)'
1 warning generated.
configure:21731: $? = 0
configure:21734: test -s conftest
configure:21737: $? = 0
configure:21747: result: yes
configure:21691: checking for strdup
configure:21747: result: yes
configure:21691: checking for strstr
configure:21728: clang -o conftest -g -O2 -Qunused-arguments -Wno-error=implicit-function-declaration -no-cpp-precomp -D_DARWIN_C_SOURCE -DNDEBUG  -Wl,-search_paths_first conftest.c  >&5
configure:21708:6: warning: incompatible redeclaration of library function 'strstr' [-Wincompatible-library-redeclaration]
char strstr (void);
     ^
configure:21708:6: note: 'strstr' is a builtin with type 'char *(const char *, const char *)'
1 warning generated.
configure:21731: $? = 0
configure:21734: test -s conftest
configure:21737: $? = 0
configure:21747: result: yes
configure:21691: checking for sysconf
configure:21728: clang -o conftest -g -O2 -Qunused-arguments -Wno-error=implicit-function-declaration -no-cpp-precomp -D_DARWIN_C_SOURCE -DNDEBUG  -Wl,-search_paths_first conftest.c  >&5
configure:21731: $? = 0
configure:21734: test -s conftest
configure:21737: $? = 0
configure:21747: result: yes
configure:21691: checking for tcgetpgrp
configure:21728: clang -o conftest -g -O2 -Qunused-arguments -Wno-error=implicit-function-declaration -no-cpp-precomp -D_DARWIN_C_SOURCE -DNDEBUG  -Wl,-search_paths_first conftest.c  >&5
configure:21731: $? = 0
configure:21734: test -s conftest
configure:21737: $? = 0
configure:21747: result: yes
configure:21691: checking for times
configure:21728: clang -o conftest -g -O2 -Qunused-arguments -Wno-error=implicit-function-declaration -no-cpp-precomp -D_DARWIN_C_SOURCE -DNDEBUG  -Wl,-search_paths_first conftest.c  >&5
configure:21731: $? = 0
configure:21734: test -s conftest
configure:21737: $? = 0
configure:21747: result: yes
configure:21691: checking for tsearch
configure:21728: clang -o conftest -g -O2 -Qunused-arguments -Wno-error=implicit-function-declaration -no-cpp-precomp -D_DARWIN_C_SOURCE -DNDEBUG  -Wl,-search_paths_first conftest.c  >&5
configure:21731: $? = 0
configure:21734: test -s conftest
configure:21737: $? = 0
configure:21747: result: yes
configure:21691: checking for vsnprintf
configure:21728: clang -o conftest -g -O2 -Qunused-arguments -Wno-error=implicit-function-declaration -no-cpp-precomp -D_DARWIN_C_SOURCE -DNDEBUG  -Wl,-search_paths_first conftest.c  >&5
configure:21708:6: warning: incompatible redeclaration of library function 'vsnprintf' [-Wincompatible-library-redeclaration]
char vsnprintf (void);
     ^
configure:21708:6: note: 'vsnprintf' is a builtin with type 'int (char *, unsigned long, const char *, struct __va_list_tag *)'
1 warning generated.
configure:21731: $? = 0
configure:21734: test -s conftest
configure:21737: $? = 0
configure:21747: result: yes
configure:21757: checking if _PATH_TTYS is defined in ttyent.h
configure:21779: clang -c -g -O2 -Qunused-arguments -Wno-error=implicit-function-declaration -no-cpp-precomp -D_DARWIN_C_SOURCE -DNDEBUG conftest.c >&5
configure:21782: $? = 0
configure:21785: test -s conftest.o
configure:21788: $? = 0
configure:21798: result: yes
configure:21820: checking if _PATH_TTYS file exists
configure:21841: clang -o conftest -g -O2 -Qunused-arguments -Wno-error=implicit-function-declaration -no-cpp-precomp -D_DARWIN_C_SOURCE -DNDEBUG  -Wl,-search_paths_first conftest.c  >&5
configure:21844: $? = 0
configure:21846: ./conftest
configure:21849: $? = 0
configure:21861: result: yes
configure:21873: checking for getttynam
configure:21892: clang -o conftest -g -O2 -Qunused-arguments -Wno-error=implicit-function-declaration -no-cpp-precomp -D_DARWIN_C_SOURCE -DNDEBUG  -Wl,-search_paths_first conftest.c  >&5
configure:21895: $? = 0
configure:21898: test -s conftest
configure:21901: $? = 0
configure:21911: result: yes
configure:22064: checking for isascii
configure:22083: clang -o conftest -g -O2 -Qunused-arguments -Wno-error=implicit-function-declaration -no-cpp-precomp -D_DARWIN_C_SOURCE -DNDEBUG  -Wl,-search_paths_first conftest.c  >&5
configure:22086: $? = 0
configure:22089: test -s conftest
configure:22092: $? = 0
configure:22103: result: yes
configure:22111: checking whether sigaction needs _POSIX_SOURCE
configure:22128: clang -c -g -O2 -Qunused-arguments -Wno-error=implicit-function-declaration -no-cpp-precomp -D_DARWIN_C_SOURCE -DNDEBUG conftest.c >&5
configure:22131: $? = 0
configure:22134: test -s conftest.o
configure:22137: $? = 0
configure:22185: result: no
configure:22189: checking if nanosleep really works
configure:22224: clang -o conftest -g -O2 -Qunused-arguments -Wno-error=implicit-function-declaration -no-cpp-precomp -D_DARWIN_C_SOURCE -DNDEBUG  -Wl,-search_paths_first conftest.c  >&5
configure:22227: $? = 0
configure:22229: ./conftest
configure:22232: $? = 0
configure:22244: result: yes
configure:22261: checking for termio.h
configure:22271: clang -E -D_DARWIN_C_SOURCE -DNDEBUG conftest.c
configure:22268:10: fatal error: 'termio.h' file not found
#include <termio.h>
         ^~~~~~~~~~
1 error generated.
configure:22277: $? = 1
configure: failed program was:
#line 22267 "configure"
#include "confdefs.h"
#include <termio.h>
configure:22296: result: no
configure:22261: checking for termios.h
configure:22271: clang -E -D_DARWIN_C_SOURCE -DNDEBUG conftest.c
configure:22277: $? = 0
configure:22296: result: yes
configure:22261: checking for unistd.h
configure:22296: result: yes
configure:22261: checking for sys/ioctl.h
configure:22296: result: yes
configure:22261: checking for sys/termio.h
configure:22271: clang -E -D_DARWIN_C_SOURCE -DNDEBUG conftest.c
configure:22268:10: fatal error: 'sys/termio.h' file not found
#include <sys/termio.h>
         ^~~~~~~~~~~~~~
1 error generated.
configure:22277: $? = 1
configure: failed program was:
#line 22267 "configure"
#include "confdefs.h"
#include <sys/termio.h>
configure:22296: result: no
configure:22313: checking whether termios.h needs _POSIX_SOURCE
configure:22328: clang -c -g -O2 -Qunused-arguments -Wno-error=implicit-function-declaration -no-cpp-precomp -D_DARWIN_C_SOURCE -DNDEBUG conftest.c >&5
configure:22331: $? = 0
configure:22334: test -s conftest.o
configure:22337: $? = 0
configure:22384: result: no
configure:22389: checking for tcgetattr
configure:22424: clang -o conftest -g -O2 -Qunused-arguments -Wno-error=implicit-function-declaration -no-cpp-precomp -D_DARWIN_C_SOURCE -DNDEBUG  -Wl,-search_paths_first conftest.c  >&5
configure:22427: $? = 0
configure:22430: test -s conftest
configure:22433: $? = 0
configure:22443: result: yes
configure:22450: checking for vsscanf function or workaround
configure:22473: clang -o conftest -g -O2 -Qunused-arguments -Wno-error=implicit-function-declaration -no-cpp-precomp -D_DARWIN_C_SOURCE -DNDEBUG  -Wl,-search_paths_first conftest.c  >&5
configure:22476: $? = 0
configure:22479: test -s conftest
configure:22482: $? = 0
configure:22575: result: vsscanf
configure:22601: checking for unistd.h
configure:22636: result: yes
configure:22646: checking for working mkstemp
configure:22698: clang -o conftest -g -O2 -Qunused-arguments -Wno-error=implicit-function-declaration -no-cpp-precomp -D_DARWIN_C_SOURCE -DNDEBUG  -Wl,-search_paths_first conftest.c  >&5
configure:22701: $? = 0
configure:22703: ./conftest
configure:22706: $? = 0
configure:22721: result: yes
configure:22804: checking whether setvbuf arguments are reversed
configure:22832: clang -o conftest -g -O2 -Qunused-arguments -Wno-error=implicit-function-declaration -no-cpp-precomp -D_DARWIN_C_SOURCE -DNDEBUG  -Wl,-search_paths_first conftest.c  >&5
configure:22824:23: warning: incompatible integer to pointer conversion passing 'int' to parameter of type 'char *' [-Wint-conversion]
  if (setvbuf(stdout, _IOLBF, (char *) main, BUFSIZ) != 0)
                      ^~~~~~
/Library/Developer/CommandLineTools/SDKs/MacOSX13.sdk/usr/include/stdio.h:100:16: note: expanded from macro '_IOLBF'
#define _IOLBF  1               /* setvbuf should set line buffered */
                ^
/Library/Developer/CommandLineTools/SDKs/MacOSX13.sdk/usr/include/stdio.h:184:50: note: passing argument to parameter here
int      setvbuf(FILE * __restrict, char * __restrict, int, size_t);
                                                     ^
configure:22824:31: warning: incompatible pointer to integer conversion passing 'char *' to parameter of type 'int' [-Wint-conversion]
  if (setvbuf(stdout, _IOLBF, (char *) main, BUFSIZ) != 0)
                              ^~~~~~~~~~~~~
/Library/Developer/CommandLineTools/SDKs/MacOSX13.sdk/usr/include/stdio.h:184:55: note: passing argument to parameter here
int      setvbuf(FILE * __restrict, char * __restrict, int, size_t);
                                                          ^
2 warnings generated.
configure:22835: $? = 0
configure:22837: ./conftest
configure:22840: $? = 1
configure: program exited with status 1
configure: failed program was:
#line 22815 "configure"
#include "confdefs.h"
#include <stdio.h>
/* If setvbuf has the reversed format, exit 0. */
int
main (void)
{
  /* This call has the arguments reversed.
     A reversed system may check and see that the address of main
     is not _IOLBF, _IONBF, or _IOFBF, and return nonzero.  */
  if (setvbuf(stdout, _IOLBF, (char *) main, BUFSIZ) != 0)
    return(1);
  putc('\r', stdout);
  return(0);			/* Non-reversed systems segv here.  */
}
configure:22853: result: no
configure:22864: checking for intptr_t
configure:22885: clang -c -g -O2 -Qunused-arguments -Wno-error=implicit-function-declaration -no-cpp-precomp -D_DARWIN_C_SOURCE -DNDEBUG conftest.c >&5
configure:22888: $? = 0
configure:22891: test -s conftest.o
configure:22894: $? = 0
configure:22904: result: yes
configure:22916: checking for ssize_t
configure:22937: clang -c -g -O2 -Qunused-arguments -Wno-error=implicit-function-declaration -no-cpp-precomp -D_DARWIN_C_SOURCE -DNDEBUG conftest.c >&5
configure:22940: $? = 0
configure:22943: test -s conftest.o
configure:22946: $? = 0
configure:22956: result: yes
configure:22968: checking for type sigaction_t
configure:22988: clang -c -g -O2 -Qunused-arguments -Wno-error=implicit-function-declaration -no-cpp-precomp -D_DARWIN_C_SOURCE -DNDEBUG conftest.c >&5
configure:22981:1: error: use of undeclared identifier 'sigaction_t'; did you mean 'sigaction'?
sigaction_t x
^~~~~~~~~~~
sigaction
/Library/Developer/CommandLineTools/SDKs/MacOSX13.sdk/usr/include/signal.h:84:5: note: 'sigaction' declared here
int     sigaction(int, const struct sigaction * __restrict,
        ^
configure:22981:1: error: must use 'struct' tag to refer to type 'sigaction'
sigaction_t x
^
struct 
/Library/Developer/CommandLineTools/SDKs/MacOSX13.sdk/usr/include/signal.h:84:5: note: struct 'sigaction' is hidden by a non-type declaration of 'sigaction' here
int     sigaction(int, const struct sigaction * __restrict,
        ^
2 errors generated.
configure:22991: $? = 1
configure: failed program was:
#line 22975 "configure"
#include "confdefs.h"

#include <signal.h>
int
main (void)
{
sigaction_t x
  ;
  return 0;
}
configure:23008: result: no
configure:23015: checking declaration of size-change
configure:23086: clang -c -g -O2 -Qunused-arguments -Wno-error=implicit-function-declaration -no-cpp-precomp -D_DARWIN_C_SOURCE -DNDEBUG conftest.c >&5
configure:23089: $? = 0
configure:23092: test -s conftest.o
configure:23095: $? = 0
size-change succeeded ()
configure:23114: result: yes
configure:23132: checking for memmove
configure:23169: clang -o conftest -g -O2 -Qunused-arguments -Wno-error=implicit-function-declaration -no-cpp-precomp -D_DARWIN_C_SOURCE -DNDEBUG  -Wl,-search_paths_first conftest.c  >&5
configure:23149:6: warning: incompatible redeclaration of library function 'memmove' [-Wincompatible-library-redeclaration]
char memmove (void);
     ^
configure:23149:6: note: 'memmove' is a builtin with type 'void *(void *, const void *, unsigned long)'
1 warning generated.
configure:23172: $? = 0
configure:23175: test -s conftest
configure:23178: $? = 0
configure:23188: result: yes
configure:23392: checking if poll really works
configure:23454: clang -o conftest -g -O2 -Qunused-arguments -Wno-error=implicit-function-declaration -no-cpp-precomp -D_DARWIN_C_SOURCE -DNDEBUG  -Wl,-search_paths_first conftest.c  >&5
configure:23457: $? = 0
configure:23459: ./conftest
configure:23462: $? = 1
configure: program exited with status 1
configure: failed program was:
#line 23402 "configure"
#include "confdefs.h"

#include <stdlib.h>
#include <stdio.h>
#include <unistd.h>
#include <fcntl.h>
#ifdef HAVE_POLL_H
#include <poll.h>
#else
#include <sys/poll.h>
#endif
int main(void) {
	struct pollfd myfds;
	int ret;

	/* check for Darwin bug with respect to "devices" */
	myfds.fd = open("/dev/null", 1);	/* O_WRONLY */
	if (myfds.fd < 0)
		myfds.fd = 0;
	myfds.events = POLLIN;
	myfds.revents = 0;

	ret = poll(&myfds, 1, 100);

	if (ret < 0 || (myfds.revents & POLLNVAL)) {
		ret = -1;
	} else {
		int fd = 0;
		if (!isatty(fd)) {
			fd = open("/dev/tty", 2);	/* O_RDWR */
		}
#ifdef HAVE_POSIX_OPENPT
		if (fd < 0) {
			fd = posix_openpt(O_RDWR);
		}
#endif

		if (fd >= 0) {
			/* also check with standard input */
			myfds.fd = fd;
			myfds.events = POLLIN;
			myfds.revents = 0;
			ret = poll(&myfds, 1, 100);
		} else {
			ret = -1;
		}
	}
	return(ret < 0);
}
configure:23474: result: no
configure:23481: checking for va_copy
configure:23505: clang -o conftest -g -O2 -Qunused-arguments -Wno-error=implicit-function-declaration -no-cpp-precomp -D_DARWIN_C_SOURCE -DNDEBUG  -Wl,-search_paths_first conftest.c  >&5
configure:23508: $? = 0
configure:23511: test -s conftest
configure:23514: $? = 0
configure:23524: result: yes
configure:23754: checking for pid_t
configure:23775: clang -c -g -O2 -Qunused-arguments -Wno-error=implicit-function-declaration -no-cpp-precomp -D_DARWIN_C_SOURCE -DNDEBUG conftest.c >&5
configure:23778: $? = 0
configure:23781: test -s conftest.o
configure:23784: $? = 0
configure:23794: result: yes
configure:23809: checking for unistd.h
configure:23844: result: yes
configure:23809: checking for vfork.h
configure:23819: clang -E -D_DARWIN_C_SOURCE -DNDEBUG conftest.c
configure:23816:10: fatal error: 'vfork.h' file not found
#include <vfork.h>
         ^~~~~~~~~
1 error generated.
configure:23825: $? = 1
configure: failed program was:
#line 23815 "configure"
#include "confdefs.h"
#include <vfork.h>
configure:23844: result: no
configure:23857: checking for fork
configure:23894: clang -o conftest -g -O2 -Qunused-arguments -Wno-error=implicit-function-declaration -no-cpp-precomp -D_DARWIN_C_SOURCE -DNDEBUG  -Wl,-search_paths_first conftest.c  >&5
configure:23897: $? = 0
configure:23900: test -s conftest
configure:23903: $? = 0
configure:23913: result: yes
configure:23857: checking for vfork
configure:23894: clang -o conftest -g -O2 -Qunused-arguments -Wno-error=implicit-function-declaration -no-cpp-precomp -D_DARWIN_C_SOURCE -DNDEBUG  -Wl,-search_paths_first conftest.c  >&5
configure:23874:6: warning: incompatible redeclaration of library function 'vfork' [-Wincompatible-library-redeclaration]
char vfork (void);
     ^
configure:23874:6: note: 'vfork' is a builtin with type 'int (void)'
1 warning generated.
configure:23897: $? = 0
configure:23900: test -s conftest
configure:23903: $? = 0
configure:23913: result: yes
configure:23925: checking for working fork
configure:23968: result: yes
configure:23987: checking for working vfork
configure:24113: result: yes
configure:24144: checking if fopen accepts explicit binary mode
configure:24187: clang -o conftest -g -O2 -Qunused-arguments -Wno-error=implicit-function-declaration -no-cpp-precomp -D_DARWIN_C_SOURCE -DNDEBUG  -Wl,-search_paths_first conftest.c  >&5
configure:24190: $? = 0
configure:24192: ./conftest
configure:24195: $? = 0
configure:24208: result: yes
configure:24217: checking for openpty in -lutil
configure:24244: clang -o conftest -g -O2 -Qunused-arguments -Wno-error=implicit-function-declaration -no-cpp-precomp -D_DARWIN_C_SOURCE -DNDEBUG  -Wl,-search_paths_first conftest.c -lutil   >&5
configure:24247: $? = 0
configure:24250: test -s conftest
configure:24253: $? = 0
configure:24264: result: yes
configure:24272: checking for openpty header
configure:24316: clang -o conftest -g -O2 -Qunused-arguments -Wno-error=implicit-function-declaration -no-cpp-precomp -D_DARWIN_C_SOURCE -DNDEBUG  -Wl,-search_paths_first conftest.c -lutil  >&5
configure:24301:10: fatal error: 'pty.h' file not found
#include <pty.h>
         ^~~~~~~
1 error generated.
configure:24319: $? = 1
configure: failed program was:
#line 24299 "configure"
#include "confdefs.h"

#include <pty.h>

int
main (void)
{

	int x = openpty((int *)0, (int *)0, (char *)0,
				   (struct termios *)0, (struct winsize *)0);

  ;
  return 0;
}
configure:24316: clang -o conftest -g -O2 -Qunused-arguments -Wno-error=implicit-function-declaration -no-cpp-precomp -D_DARWIN_C_SOURCE -DNDEBUG  -Wl,-search_paths_first conftest.c -lutil  >&5
configure:24301:10: fatal error: 'libutil.h' file not found
#include <libutil.h>
         ^~~~~~~~~~~
1 error generated.
configure:24319: $? = 1
configure: failed program was:
#line 24299 "configure"
#include "confdefs.h"

#include <libutil.h>

int
main (void)
{

	int x = openpty((int *)0, (int *)0, (char *)0,
				   (struct termios *)0, (struct winsize *)0);

  ;
  return 0;
}
configure:24316: clang -o conftest -g -O2 -Qunused-arguments -Wno-error=implicit-function-declaration -no-cpp-precomp -D_DARWIN_C_SOURCE -DNDEBUG  -Wl,-search_paths_first conftest.c -lutil  >&5
configure:24319: $? = 0
configure:24322: test -s conftest
configure:24325: $? = 0
configure:24343: result: util.h
configure:24985: checking if we should include stdbool.h
configure:25005: clang -c -O2 -Qunused-arguments -Wno-error=implicit-function-declaration -no-cpp-precomp -D_DARWIN_C_SOURCE -DNDEBUG conftest.c >&5
configure:24998:1: error: use of undeclared identifier 'bool'
bool foo = false
^
1 error generated.
configure:25008: $? = 1
configure: failed program was:
#line 24993 "configure"
#include "confdefs.h"

int
main (void)
{
bool foo = false
  ;
  return 0;
}
configure:25037: clang -c -O2 -Qunused-arguments -Wno-error=implicit-function-declaration -no-cpp-precomp -D_DARWIN_C_SOURCE -DNDEBUG conftest.c >&5
configure:25040: $? = 0
configure:25043: test -s conftest.o
configure:25046: $? = 0
configure:25060: result: yes
configure:25066: checking for builtin bool type
configure:25089: clang -c -O2 -Qunused-arguments -Wno-error=implicit-function-declaration -no-cpp-precomp -D_DARWIN_C_SOURCE -DNDEBUG conftest.c >&5
configure:25082:1: error: use of undeclared identifier 'bool'
bool x = false
^
1 error generated.
configure:25092: $? = 1
configure: failed program was:
#line 25074 "configure"
#include "confdefs.h"

#include <stdio.h>
#include <sys/types.h>

int
main (void)
{
bool x = false
  ;
  return 0;
}
configure:25113: result: no
configure:25130: checking if we already have C++ library
configure:25147: clang++ -o conftest -O2 -D_DARWIN_C_SOURCE -DNDEBUG  -Wl,-search_paths_first conftest.cc   >&5
configure:25150: $? = 0
configure:25153: test -s conftest
configure:25156: $? = 0
configure:25165: result: yes
configure:25267: checking whether clang++ understands -c and -o together
configure:25282: clang++ -O2 -D_DARWIN_C_SOURCE -DNDEBUG -c conftest.cc -o conftest2.o >&5
configure:25285: $? = 0
configure:25287: clang++ -O2 -D_DARWIN_C_SOURCE -DNDEBUG -c conftest.cc -o conftest2.o >&5
configure:25290: $? = 0
configure:25301: result: yes
configure:25477: checking how to run the C++ preprocessor
configure:25499: clang++ -E -D_DARWIN_C_SOURCE -DNDEBUG conftest.cc
configure:25505: $? = 0
configure:25532: clang++ -E -D_DARWIN_C_SOURCE -DNDEBUG conftest.cc
configure:25529:10: fatal error: 'ac_nonexistent.h' file not found
#include <ac_nonexistent.h>
         ^~~~~~~~~~~~~~~~~~
1 error generated.
configure:25538: $? = 1
configure: failed program was:
#line 25528 "configure"
#include "confdefs.h"
#include <ac_nonexistent.h>
configure:25575: result: clang++ -E
configure:25590: clang++ -E -D_DARWIN_C_SOURCE -DNDEBUG conftest.cc
configure:25596: $? = 0
configure:25623: clang++ -E -D_DARWIN_C_SOURCE -DNDEBUG conftest.cc
configure:25620:10: fatal error: 'ac_nonexistent.h' file not found
#include <ac_nonexistent.h>
         ^~~~~~~~~~~~~~~~~~
1 error generated.
configure:25629: $? = 1
configure: failed program was:
#line 25619 "configure"
#include "confdefs.h"
#include <ac_nonexistent.h>
configure:25672: checking for typeinfo
configure:25682: clang++ -E -D_DARWIN_C_SOURCE -DNDEBUG conftest.cc
configure:25688: $? = 0
configure:25707: result: yes
configure:25720: checking for iostream
configure:25730: clang++ -E -D_DARWIN_C_SOURCE -DNDEBUG conftest.cc
configure:25736: $? = 0
configure:25755: result: yes
configure:25766: checking if iostream uses std-namespace
configure:25786: clang++ -c -O2 -D_DARWIN_C_SOURCE -DNDEBUG conftest.cc >&5
configure:25789: $? = 0
configure:25792: test -s conftest.o
configure:25795: $? = 0
configure:25804: result: yes
configure:25815: checking if we should include stdbool.h
configure:25890: result: yes
configure:25896: checking for builtin bool type
configure:25919: clang++ -c -O2 -D_DARWIN_C_SOURCE -DNDEBUG conftest.cc >&5
configure:25922: $? = 0
configure:25925: test -s conftest.o
configure:25928: $? = 0
configure:25941: result: yes
configure:25947: checking for bool
configure:25989: clang++ -c -O2 -D_DARWIN_C_SOURCE -DNDEBUG conftest.cc >&5
configure:25992: $? = 0
configure:25995: test -s conftest.o
configure:25998: $? = 0
configure:26008: result: yes
configure:26011: checking size of bool
configure:26280: clang++ -o conftest -O2 -D_DARWIN_C_SOURCE -DNDEBUG  -Wl,-search_paths_first conftest.cc  >&5
configure:26283: $? = 0
configure:26285: ./conftest
configure:26288: $? = 0
configure:26304: result: 1
configure:26310: checking for type of bool
configure:26371: clang++ -o conftest -O2 -D_DARWIN_C_SOURCE -DNDEBUG  -Wl,-search_paths_first conftest.cc  >&5
configure:26357:18: warning: result of comparison of constant 0 with expression of type 'bool' is always true [-Wtautological-constant-compare]
                if ((bool)(-x) >= 0)
                    ~~~~~~~~~~ ^  ~
1 warning generated.
configure:26374: $? = 0
configure:26376: ./conftest
configure:26379: $? = 0
configure:26396: result: unsigned char
configure:26408: checking for special defines needed for etip.h
configure:26440: clang++ -c -O2 -I./c++ -I./menu -Iinclude -I./include -D_DARWIN_C_SOURCE -DNDEBUG conftest.cc >&5
configure:26443: $? = 0
configure:26446: test -s conftest.o
configure:26449: $? = 0
configure:26470: result:  
configure:26475: checking if clang++ accepts override keyword
configure:26511: clang++ -o conftest -O2 -D_DARWIN_C_SOURCE -DNDEBUG  -Wl,-search_paths_first conftest.cc  >&5
configure:26503:19: warning: 'override' keyword is a C++11 extension [-Wc++11-extensions]
        int foo(float x) override { return x != 0.0 ? 1 : 0; }
                         ^
1 warning generated.
configure:26514: $? = 0
configure:26516: ./conftest
configure:26519: $? = 0
configure:26538: result: yes
configure:26547: checking if clang++ accepts parameter initialization
configure:26583: clang++ -o conftest -O2 -D_DARWIN_C_SOURCE -DNDEBUG  -Wl,-search_paths_first conftest.cc  >&5
configure:26574:16: error: redefinition of default argument
TEST::TEST(int x = 1)   // some compilers do not like second initializer
               ^   ~
configure:26570:11: note: previous definition is here
        TEST(int x = 1);
                 ^   ~
1 error generated.
configure:26586: $? = 1
configure: program exited with status 1
configure: failed program was:
#line 26564 "configure"
#include "confdefs.h"

class TEST {
private:
	int value;
public:
	TEST(int x = 1);
	~TEST();
};

TEST::TEST(int x = 1)	// some compilers do not like second initializer
{
	value = x;
}
int main(void) { }

configure:26610: result: no
configure:26620: checking if clang++ accepts static_cast
configure:26678: clang++ -c -O2 -D_DARWIN_C_SOURCE -DNDEBUG conftest.cc >&5
configure:26681: $? = 0
configure:26684: test -s conftest.o
configure:26687: $? = 0
configure:26705: result: yes
configure:27886: checking for wchar_t
configure:27907: clang++ -c -O2 -D_DARWIN_C_SOURCE -DNDEBUG conftest.cc >&5
configure:27910: $? = 0
configure:27913: test -s conftest.o
configure:27916: $? = 0
configure:27926: result: yes
configure:27929: checking size of wchar_t
configure:28093: clang++ -o conftest -O2 -D_DARWIN_C_SOURCE -DNDEBUG  -Wl,-search_paths_first conftest.cc  >&5
configure:28096: $? = 0
configure:28098: ./conftest
configure:28101: $? = 0
configure:28117: result: 4
configure:28148: checking for library subsets
configure:28202: result: ticlib+termlib+ext_tinfo+base+widechar+ext_funcs
configure:28233: checking default library suffix
configure:28244: result: w
configure:28247: checking default library-dependency suffix
configure:28330: result: w.dylib
configure:28333: checking default object directory
configure:28349: result: obj_s
configure:28353: checking c++ library-dependency suffix
configure:28446: result: w.dylib
configure:28711: checking where we will install curses.h
configure:28721: result: ${prefix}/include/ncursesw
configure:28757: checking for desired basename for form library
configure:28777: result: form
configure:28780: checking for desired basename for menu library
configure:28800: result: menu
configure:28803: checking for desired basename for panel library
configure:28823: result: panel
configure:28826: checking for desired basename for cxx library
configure:28846: result: ncurses++
configure:28852: checking for src modules
configure:28921: result: ncurses progs panel menu form
configure:29093: checking for defines to add to ncursesw6-config script
configure:29109: result:  -D_DARWIN_C_SOURCE -DNCURSES_WIDECHAR
configure:29197: checking for linker search path
configure:29286: result: $HOME/lib /usr/local/lib /usr/lib
configure:29376: creating ./config.status

## ----------------------- ##
## Running config.status.  ##
## ----------------------- ##

This file was extended by config.status 2.52.20221009, executed with
  CONFIG_FILES    = 
  CONFIG_HEADERS  = 
  CONFIG_LINKS    = 
  CONFIG_COMMANDS = 
  > "./config.status "
on dein-2.local

config.status:30218: creating include/MKterm.h.awk
config.status:30218: creating include/curses.head
config.status:30218: creating include/ncurses_dll.h
config.status:30218: creating include/termcap.h
config.status:30218: creating include/unctrl.h
config.status:30218: creating man/man_db.renames
config.status:30218: creating man/Makefile
config.status:30218: creating include/Makefile
config.status:30218: creating ncurses/Makefile
config.status:30218: creating progs/Makefile
config.status:30218: creating panel/Makefile
config.status:30218: creating menu/Makefile
config.status:30218: creating form/Makefile
config.status:30218: creating test/Makefile
config.status:30218: creating misc/Makefile
config.status:30218: creating c++/Makefile
config.status:30218: creating misc/run_tic.sh
config.status:30218: creating misc/ncurses-config
config.status:30218: creating man/ncursesw6-config.1
config.status:30218: creating misc/gen-pkgconfig
config.status:30218: creating Makefile
config.status:30379: creating include/ncurses_cfg.h

## ----------------- ##
## Cache variables.  ##
## ----------------- ##

ac_cv_build=x86_64-apple-darwin22.3.0
ac_cv_build_alias=x86_64-apple-darwin22.3.0
ac_cv_c_compiler_gnu=yes
ac_cv_c_const=yes
ac_cv_c_inline=inline
ac_cv_cxx_compiler_gnu=yes
ac_cv_env_CC_set=set
ac_cv_env_CC_value=clang
ac_cv_env_CFLAGS_set=
ac_cv_env_CFLAGS_value=
ac_cv_env_CPPFLAGS_set=
ac_cv_env_CPPFLAGS_value=
ac_cv_env_CPP_set=
ac_cv_env_CPP_value=
ac_cv_env_CXXCPP_set=
ac_cv_env_CXXCPP_value=
ac_cv_env_CXXFLAGS_set=
ac_cv_env_CXXFLAGS_value=
ac_cv_env_CXX_set=set
ac_cv_env_CXX_value=clang++
ac_cv_env_LDFLAGS_set=
ac_cv_env_LDFLAGS_value=
ac_cv_env_build_alias_set=
ac_cv_env_build_alias_value=
ac_cv_env_host_alias_set=
ac_cv_env_host_alias_value=
ac_cv_env_target_alias_set=
ac_cv_env_target_alias_value=
ac_cv_func_btowc=yes
ac_cv_func_fork=yes
ac_cv_func_fork_works=yes
ac_cv_func_fpathconf=yes
ac_cv_func_fseeko=yes
ac_cv_func_getcwd=yes
ac_cv_func_getegid=yes
ac_cv_func_getenv=yes
ac_cv_func_geteuid=yes
ac_cv_func_getopt=yes
ac_cv_func_gettimeofday=yes
ac_cv_func_issetugid=yes
ac_cv_func_link=yes
ac_cv_func_localeconv=yes
ac_cv_func_mblen=yes
ac_cv_func_mbrlen=yes
ac_cv_func_mbrtowc=yes
ac_cv_func_mbsrtowcs=yes
ac_cv_func_mbstowcs=yes
ac_cv_func_mbtowc=yes
ac_cv_func_memmove=yes
ac_cv_func_poll=yes
ac_cv_func_putenv=yes
ac_cv_func_putwc=yes
ac_cv_func_regcomp=yes
ac_cv_func_remove=yes
ac_cv_func_select=yes
ac_cv_func_setbuf=yes
ac_cv_func_setbuffer=yes
ac_cv_func_setenv=yes
ac_cv_func_setfsuid=no
ac_cv_func_setvbuf=yes
ac_cv_func_setvbuf_reversed=no
ac_cv_func_sigaction=yes
ac_cv_func_sigvec=yes
ac_cv_func_snprintf=yes
ac_cv_func_strdup=yes
ac_cv_func_strstr=yes
ac_cv_func_symlink=yes
ac_cv_func_sysconf=yes
ac_cv_func_tcgetpgrp=yes
ac_cv_func_times=yes
ac_cv_func_tsearch=yes
ac_cv_func_unlink=yes
ac_cv_func_vfork=yes
ac_cv_func_vfork_works=yes
ac_cv_func_vsnprintf=yes
ac_cv_func_wcsrtombs=yes
ac_cv_func_wcstombs=yes
ac_cv_func_wctob=yes
ac_cv_func_wctomb=yes
ac_cv_func_wmemchr=yes
ac_cv_header_dirent_dirent_h=yes
ac_cv_header_fcntl_h=yes
ac_cv_header_getopt_h=yes
ac_cv_header_inttypes_h=yes
ac_cv_header_iostream=yes
ac_cv_header_limits_h=yes
ac_cv_header_locale_h=yes
ac_cv_header_math_h=yes
ac_cv_header_memory_h=yes
ac_cv_header_poll_h=yes
ac_cv_header_stdc=yes
ac_cv_header_stdint_h=yes
ac_cv_header_stdlib_h=yes
ac_cv_header_string_h=yes
ac_cv_header_strings_h=yes
ac_cv_header_sys_ioctl_h=yes
ac_cv_header_sys_param_h=yes
ac_cv_header_sys_poll_h=yes
ac_cv_header_sys_select_h=yes
ac_cv_header_sys_stat_h=yes
ac_cv_header_sys_termio_h=no
ac_cv_header_sys_time_h=yes
ac_cv_header_sys_times_h=yes
ac_cv_header_sys_types_h=yes
ac_cv_header_termio_h=no
ac_cv_header_termios_h=yes
ac_cv_header_time=yes
ac_cv_header_typeinfo=yes
ac_cv_header_unistd_h=yes
ac_cv_header_vfork_h=no
ac_cv_header_wchar_h=yes
ac_cv_header_wctype_h=yes
ac_cv_host=x86_64-apple-darwin22.3.0
ac_cv_host_alias=x86_64-apple-darwin22.3.0
ac_cv_lib_dir_opendir=no
ac_cv_lib_util_openpty=yes
ac_cv_objext=o
ac_cv_path_EGREP='grep -E'
ac_cv_path_FGREP='grep -F'
ac_cv_path_ac_pt_PKG_CONFIG=/Users/local/Documents/PREDOMINANT-PLANET/predo_planet/predominantmusic.com/homebrew/Library/Homebrew/shims/mac/super/pkg-config
ac_cv_path_install='/usr/bin/install -c'
ac_cv_prog_AWK=awk
ac_cv_prog_CPP='clang -E'
ac_cv_prog_CTAGS=ctags
ac_cv_prog_CXXCPP='clang++ -E'
ac_cv_prog_GREP=grep
ac_cv_prog_MAKE_LOWER_TAGS=yes
ac_cv_prog_ac_ct_AR=ar
ac_cv_prog_ac_ct_INFOCMP=infocmp
ac_cv_prog_ac_ct_LD=ld
ac_cv_prog_ac_ct_NM=nm
ac_cv_prog_ac_ct_RANLIB=ranlib
ac_cv_prog_ac_ct_TIC=tic
ac_cv_prog_cc_g=yes
ac_cv_prog_cc_stdc=
ac_cv_prog_cxx_g=yes
ac_cv_prog_gcc_traditional=no
ac_cv_prog_make_make_set=yes
ac_cv_sizeof_bool=1
ac_cv_sizeof_signed_char=1
ac_cv_sizeof_wchar_t=4
ac_cv_sys_file_offset_bits=no
ac_cv_sys_large_files=no
ac_cv_sys_largefile_CC=no
ac_cv_sys_largefile_source=no
ac_cv_sys_long_file_names=yes
ac_cv_target=x86_64-apple-darwin22.3.0
ac_cv_target_alias=x86_64-apple-darwin22.3.0
ac_cv_type_bool=yes
ac_cv_type_intptr_t=yes
ac_cv_type_pid_t=yes
ac_cv_type_signed_char=yes
ac_cv_type_ssize_t=yes
ac_cv_type_wchar_t=yes
am_cv_langinfo_codeset=yes
cf_cv_1UL=1U
cf_cv_PATH_TTYS=yes
cf_cv_abi_version=6
cf_cv_ar_flags=-curv
cf_cv_builtin_bool=1
cf_cv_c11_noreturn=no,
cf_cv_cc_bool_type=0
cf_cv_consistent_getenv=yes
cf_cv_cpp_override=yes
cf_cv_cpp_param_init=no
cf_cv_cpp_static_cast=yes
cf_cv_dcl_environ=no
cf_cv_dcl_errno=yes
cf_cv_define_sigwinch=yes
cf_cv_do_relink=yes
cf_cv_do_reranlib=yes
cf_cv_do_symlinks=yes
cf_cv_enable_lp64=1
cf_cv_enable_opaque=NCURSES_OPAQUE
cf_cv_enable_reentrant=0
cf_cv_enable_rpath=no
cf_cv_fopen_bin_r=yes
cf_cv_func_getttynam=yes
cf_cv_func_mkstemp=yes
cf_cv_func_nanosleep=yes
cf_cv_func_openpty=util.h
cf_cv_func_vsscanf=vsscanf
cf_cv_getopt_header=unistd.h
cf_cv_have_PATH_TTYS=yes
cf_cv_have_environ=yes
cf_cv_have_errno=yes
cf_cv_have_isascii=yes
cf_cv_have_libm=yes
cf_cv_have_tcgetattr=yes
cf_cv_have_va_copy=yes
cf_cv_header_stdbool_h=1
cf_cv_install_p=yes
cf_cv_ld_searchpath='$HOME/lib /usr/local/lib /usr/lib'
cf_cv_ldflags_search_paths_first=yes
cf_cv_lib_util=yes
cf_cv_link_dataonly=yes
cf_cv_link_funcs=' link symlink'
cf_cv_make_PHONY=yes
cf_cv_makeflags=
cf_cv_mbstate_t=yes
cf_cv_mixedcase=no
cf_cv_need_libm=no
cf_cv_posix_visible=no
cf_cv_prog_CC_c_o=yes
cf_cv_prog_CXX_c_o=yes
cf_cv_regex_hdrs=regex.h
cf_cv_rel_version=6.4
cf_cv_rm_so_locs=no
cf_cv_shlib_version=abi
cf_cv_shlib_version_infix=yes
cf_cv_sig_atomic_t='volatile sig_atomic_t'
cf_cv_sizechange=yes
cf_cv_src_modules='ncurses progs panel menu form'
cf_cv_struct_dirent64=no
cf_cv_sys_time_select=yes
cf_cv_system_name=darwin22.3.0
cf_cv_timestamp='Mon Oct 30 14:32:23 UTC 2023'
cf_cv_type_of_bool='unsigned char'
cf_cv_type_sigaction=no
cf_cv_typeof_chtype=uint32_t
cf_cv_typeof_mmask_t=uint32_t
cf_cv_unsigned_literals=yes
cf_cv_wchar_h_okay=yes
cf_cv_wchar_t=no
cf_cv_wcwidth_graphics=yes
cf_cv_wint_t=yes
cf_cv_working_poll=no

## ------------ ##
## confdefs.h.  ##
## ------------ ##

#define PACKAGE "ncurses"
#define NCURSES_VERSION "6.4"
#define NCURSES_PATCHDATE 20221231
#define SYSTEM_NAME "darwin22.3.0"
#ifdef __cplusplus
#include <stdlib.h>
#endif
#define HAVE_LONG_FILE_NAMES 1
#define TERMINFO_DIRS "/Users/local/Documents/PREDOMINANT-PLANET/predo_planet/predominantmusic.com/homebrew/Cellar/ncurses/6.4/share/terminfo"
#define TERMINFO "/Users/local/Documents/PREDOMINANT-PLANET/predo_planet/predominantmusic.com/homebrew/Cellar/ncurses/6.4/share/terminfo"
#define HAVE_BIG_CORE 1
#define PURE_TERMINFO 1
#define USE_HOME_TERMINFO 1
#define USE_ROOT_ENVIRON 1
#define USE_ROOT_ACCESS 1
#define HAVE_UNISTD_H 1
#define HAVE_REMOVE 1
#define HAVE_UNLINK 1
#define HAVE_LINK 1
#define HAVE_SYMLINK 1
#define USE_SYMLINKS 1
#define HAVE_LANGINFO_CODESET 1
#define USE_WIDEC_SUPPORT 1
#define NCURSES_WIDECHAR 1
#define HAVE_WCHAR_H 1
#define HAVE_WCTYPE_H 1
#define HAVE_PUTWC 1
#define HAVE_BTOWC 1
#define HAVE_WCTOB 1
#define HAVE_WMEMCHR 1
#define HAVE_MBTOWC 1
#define HAVE_WCTOMB 1
#define HAVE_MBLEN 1
#define HAVE_MBRLEN 1
#define HAVE_MBRTOWC 1
#define HAVE_WCSRTOMBS 1
#define HAVE_MBSRTOWCS 1
#define HAVE_WCSTOMBS 1
#define HAVE_MBSTOWCS 1
#define NEED_WCHAR_H 1
#define NEED_WCHAR_H 1
#define HAVE_FSEEKO 1
#define RGB_PATH "/opt/X11/share/X11/rgb.txt"
#define STDC_HEADERS 1
#define HAVE_SYS_TYPES_H 1
#define HAVE_SYS_STAT_H 1
#define HAVE_STDLIB_H 1
#define HAVE_STRING_H 1
#define HAVE_MEMORY_H 1
#define HAVE_STRINGS_H 1
#define HAVE_INTTYPES_H 1
#define HAVE_STDINT_H 1
#define HAVE_UNISTD_H 1
#define SIZEOF_SIGNED_CHAR 1
#define NCURSES_EXT_FUNCS 1
#define HAVE_ASSUME_DEFAULT_COLORS 1
#define HAVE_CURSES_VERSION 1
#define HAVE_HAS_KEY 1
#define HAVE_RESIZETERM 1
#define HAVE_RESIZE_TERM 1
#define HAVE_TERM_ENTRY_H 1
#define HAVE_USE_DEFAULT_COLORS 1
#define HAVE_USE_EXTENDED_NAMES 1
#define HAVE_USE_SCREEN 1
#define HAVE_USE_WINDOW 1
#define HAVE_WRESIZE 1
#define NCURSES_SP_FUNCS 1
#define HAVE_TPUTS_SP 1
#define NCURSES_EXT_COLORS 1
#define HAVE_ALLOC_PAIR 1
#define HAVE_INIT_EXTENDED_COLOR 1
#define HAVE_RESET_COLOR_PAIRS 1
#define NCURSES_EXT_PUTWIN 1
#define NCURSES_NO_PADDING 1
#define USE_SIGWINCH 1
#define NCURSES_WRAP_PREFIX "_nc_"
#define USE_ASSUMED_COLOR 1
#define USE_HASHMAP 1
#define GCC_SCANF 1
#define GCC_SCANF 1
#define GCC_SCANFLIKE(fmt,var) __attribute__((format(scanf,fmt,var)))
#define GCC_PRINTF 1
#define GCC_PRINTF 1
#define GCC_PRINTFLIKE(fmt,var) __attribute__((format(printf,fmt,var)))
#define GCC_UNUSED __attribute__((unused))
#define GCC_UNUSED __attribute__((unused))
#define GCC_NORETURN __attribute__((noreturn))
#define GCC_NORETURN __attribute__((noreturn))
#define HAVE_NC_ALLOC_H 1
#define HAVE_GETTIMEOFDAY 1
#define HAVE_MATH_FUNCS 1
#define STDC_HEADERS 1
#define HAVE_DIRENT_H 1
#define TIME_WITH_SYS_TIME 1
#define HAVE_REGEX_H_FUNCS 1
#define HAVE_FCNTL_H 1
#define HAVE_GETOPT_H 1
#define HAVE_LIMITS_H 1
#define HAVE_LOCALE_H 1
#define HAVE_MATH_H 1
#define HAVE_POLL_H 1
#define HAVE_SYS_IOCTL_H 1
#define HAVE_SYS_PARAM_H 1
#define HAVE_SYS_POLL_H 1
#define HAVE_SYS_SELECT_H 1
#define HAVE_SYS_TIME_H 1
#define HAVE_SYS_TIMES_H 1
#define HAVE_UNISTD_H 1
#define HAVE_WCTYPE_H 1
#define HAVE_UNISTD_H 1
#define HAVE_GETOPT_H 1
#define HAVE_GETOPT_HEADER 1
#define DECL_ENVIRON 1
#define HAVE_ENVIRON 1
#define HAVE_PUTENV 1
#define HAVE_SETENV 1
#define HAVE_STRDUP 1
#define HAVE_SYS_TIME_SELECT 1
#define SIG_ATOMIC_T volatile sig_atomic_t
#define HAVE_ERRNO 1
#define HAVE_FPATHCONF 1
#define HAVE_GETCWD 1
#define HAVE_GETEGID 1
#define HAVE_GETEUID 1
#define HAVE_GETOPT 1
#define HAVE_ISSETUGID 1
#define HAVE_LOCALECONV 1
#define HAVE_POLL 1
#define HAVE_PUTENV 1
#define HAVE_REMOVE 1
#define HAVE_SELECT 1
#define HAVE_SETBUF 1
#define HAVE_SETBUFFER 1
#define HAVE_SETENV 1
#define HAVE_SETVBUF 1
#define HAVE_SIGACTION 1
#define HAVE_SIGVEC 1
#define HAVE_SNPRINTF 1
#define HAVE_STRDUP 1
#define HAVE_STRSTR 1
#define HAVE_SYSCONF 1
#define HAVE_TCGETPGRP 1
#define HAVE_TIMES 1
#define HAVE_TSEARCH 1
#define HAVE_VSNPRINTF 1
#define HAVE_PATH_TTYS 1
#define HAVE_GETTTYNAM 1
#define HAVE_ISASCII 1
#define HAVE_NANOSLEEP 1
#define HAVE_TERMIOS_H 1
#define HAVE_UNISTD_H 1
#define HAVE_SYS_IOCTL_H 1
#define HAVE_TCGETATTR 1
#define HAVE_VSSCANF 1
#define HAVE_UNISTD_H 1
#define HAVE_MKSTEMP 1
#define HAVE_SIZECHANGE 1
#define HAVE_VA_COPY 1
#define HAVE_UNISTD_H 1
#define HAVE_FORK 1
#define HAVE_VFORK 1
#define HAVE_WORKING_VFORK 1
#define HAVE_WORKING_FORK 1
#define USE_FOPEN_BIN_R 1
#define USE_OPENPTY_HEADER <util.h>
#define USE_XTERM_PTY 1
#define HAVE_TYPEINFO 1
#define HAVE_IOSTREAM 1
#define IOSTREAM_NAMESPACE 1
#define SIZEOF_BOOL 1
#define CPP_HAS_OVERRIDE 1
#define CPP_HAS_STATIC_CAST 1
#define SIZEOF_WCHAR_T 4
#define HAVE_SLK_COLOR 1
#define HAVE_PANEL_H 1
#define HAVE_LIBPANEL 1
#define HAVE_MENU_H 1
#define HAVE_LIBMENU 1
#define HAVE_FORM_H 1
#define HAVE_LIBFORM 1
#define NCURSES_PATHSEP ':'
#define NCURSES_VERSION_STRING "6.4.20221231"
#define NCURSES_OSPEED_COMPAT 1
#define HAVE_CURSES_DATA_BOOLNAMES 1


configure: exit 0
